2017-08-10 16:54:56,508 Controller INFO: load configuration...
2017-08-10 16:54:56,509 Controller INFO: Connecting host(s)...
2017-08-10 16:54:56,516 paramiko.transport DEBUG: starting thread (client mode): 0xa9a51e10L
2017-08-10 16:54:56,516 paramiko.transport DEBUG: Local version/idstring: SSH-2.0-paramiko_1.16.0
2017-08-10 16:54:56,526 paramiko.transport DEBUG: Remote version/idstring: SSH-2.0-OpenSSH_6.6p1 Ubuntu-2ubuntu1
2017-08-10 16:54:56,526 paramiko.transport INFO: Connected (version 2.0, client OpenSSH_6.6p1)
2017-08-10 16:54:56,526 paramiko.transport DEBUG: kex algos:[u'curve25519-sha256@libssh.org', u'ecdh-sha2-nistp256', u'ecdh-sha2-nistp384', u'ecdh-sha2-nistp521', u'diffie-hellman-group-exchange-sha256', u'diffie-hellman-group-exchange-sha1', u'diffie-hellman-group14-sha1', u'diffie-hellman-group1-sha1'] server key:[u'ssh-rsa', u'ssh-dss', u'ecdsa-sha2-nistp256', u'ssh-ed25519'] client encrypt:[u'aes128-ctr', u'aes192-ctr', u'aes256-ctr', u'arcfour256', u'arcfour128', u'aes128-gcm@openssh.com', u'aes256-gcm@openssh.com', u'chacha20-poly1305@openssh.com', u'aes128-cbc', u'3des-cbc', u'blowfish-cbc', u'cast128-cbc', u'aes192-cbc', u'aes256-cbc', u'arcfour', u'rijndael-cbc@lysator.liu.se'] server encrypt:[u'aes128-ctr', u'aes192-ctr', u'aes256-ctr', u'arcfour256', u'arcfour128', u'aes128-gcm@openssh.com', u'aes256-gcm@openssh.com', u'chacha20-poly1305@openssh.com', u'aes128-cbc', u'3des-cbc', u'blowfish-cbc', u'cast128-cbc', u'aes192-cbc', u'aes256-cbc', u'arcfour', u'rijndael-cbc@lysator.liu.se'] client mac:[u'hmac-md5-etm@openssh.com', u'hmac-sha1-etm@openssh.com', u'umac-64-etm@openssh.com', u'umac-128-etm@openssh.com', u'hmac-sha2-256-etm@openssh.com', u'hmac-sha2-512-etm@openssh.com', u'hmac-ripemd160-etm@openssh.com', u'hmac-sha1-96-etm@openssh.com', u'hmac-md5-96-etm@openssh.com', u'hmac-md5', u'hmac-sha1', u'umac-64@openssh.com', u'umac-128@openssh.com', u'hmac-sha2-256', u'hmac-sha2-512', u'hmac-ripemd160', u'hmac-ripemd160@openssh.com', u'hmac-sha1-96', u'hmac-md5-96'] server mac:[u'hmac-md5-etm@openssh.com', u'hmac-sha1-etm@openssh.com', u'umac-64-etm@openssh.com', u'umac-128-etm@openssh.com', u'hmac-sha2-256-etm@openssh.com', u'hmac-sha2-512-etm@openssh.com', u'hmac-ripemd160-etm@openssh.com', u'hmac-sha1-96-etm@openssh.com', u'hmac-md5-96-etm@openssh.com', u'hmac-md5', u'hmac-sha1', u'umac-64@openssh.com', u'umac-128@openssh.com', u'hmac-sha2-256', u'hmac-sha2-512', u'hmac-ripemd160', u'hmac-ripemd160@openssh.com', u'hmac-sha1-96', u'hmac-md5-96'] client compress:[u'none', u'zlib@openssh.com'] server compress:[u'none', u'zlib@openssh.com'] client lang:[u''] server lang:[u''] kex follows?False
2017-08-10 16:54:56,526 paramiko.transport DEBUG: Kex agreed: diffie-hellman-group1-sha1
2017-08-10 16:54:56,527 paramiko.transport DEBUG: Cipher agreed: aes128-ctr
2017-08-10 16:54:56,527 paramiko.transport DEBUG: MAC agreed: hmac-sha2-256
2017-08-10 16:54:56,527 paramiko.transport DEBUG: Compression agreed: none
2017-08-10 16:54:56,587 paramiko.transport DEBUG: kex engine KexGroup1 specified hash_algo <built-in function openssl_sha1>
2017-08-10 16:54:56,588 paramiko.transport DEBUG: Switch to new keys ...
2017-08-10 16:54:56,618 paramiko.transport DEBUG: Adding ssh-rsa host key for 131.112.21.80: 8a7a571eab8057b78830e2152fb83e45
2017-08-10 16:54:56,619 paramiko.transport DEBUG: Trying SSH agent key 78176c286d2d7a7b835bccf21c0b78c1
2017-08-10 16:54:56,625 paramiko.transport DEBUG: userauth is OK
2017-08-10 16:54:56,637 paramiko.transport INFO: Authentication (publickey) failed.
2017-08-10 16:54:56,651 paramiko.transport DEBUG: userauth is OK
2017-08-10 16:54:56,693 paramiko.transport INFO: Authentication (password) successful!
2017-08-10 16:54:58,719 Host  DEBUG: host2: updated
2017-08-10 16:54:58,723 paramiko.transport DEBUG: [chan 0] Max packet in: 32768 bytes
2017-08-10 16:54:58,730 paramiko.transport DEBUG: [chan 0] Max packet out: 32768 bytes
2017-08-10 16:54:58,730 paramiko.transport DEBUG: Secsh channel 0 opened.
2017-08-10 16:54:58,731 paramiko.transport DEBUG: starting thread (client mode): 0xa99f1890L
2017-08-10 16:54:58,731 paramiko.transport DEBUG: Local version/idstring: SSH-2.0-paramiko_1.16.0
2017-08-10 16:54:58,731 paramiko.transport DEBUG: Remote version/idstring: SSH-2.0-OpenSSH_7.2p2 Ubuntu-4ubuntu2.2
2017-08-10 16:54:58,731 paramiko.transport INFO: Connected (version 2.0, client OpenSSH_7.2p2)
2017-08-10 16:54:58,732 paramiko.transport DEBUG: kex algos:[u'diffie-hellman-group-exchange-sha256', u'diffie-hellman-group14-sha1', u'diffie-hellman-group-exchange-sha1'] server key:[u'ssh-rsa', u'rsa-sha2-512', u'rsa-sha2-256', u'ecdsa-sha2-nistp256', u'ssh-ed25519'] client encrypt:[u'aes256-gcm@openssh.com', u'aes128-gcm@openssh.com', u'aes256-ctr', u'aes128-ctr'] server encrypt:[u'aes256-gcm@openssh.com', u'aes128-gcm@openssh.com', u'aes256-ctr', u'aes128-ctr'] client mac:[u'hmac-sha2-512-etm@openssh.com', u'hmac-sha2-256-etm@openssh.com', u'umac-128-etm@openssh.com', u'hmac-sha2-512', u'hmac-sha2-256', u'hmac-ripemd160', u'hmac-sha1'] server mac:[u'hmac-sha2-512-etm@openssh.com', u'hmac-sha2-256-etm@openssh.com', u'umac-128-etm@openssh.com', u'hmac-sha2-512', u'hmac-sha2-256', u'hmac-ripemd160', u'hmac-sha1'] client compress:[u'none', u'zlib@openssh.com'] server compress:[u'none', u'zlib@openssh.com'] client lang:[u''] server lang:[u''] kex follows?False
2017-08-10 16:54:58,732 paramiko.transport DEBUG: Kex agreed: diffie-hellman-group14-sha1
2017-08-10 16:54:58,732 paramiko.transport DEBUG: Cipher agreed: aes128-ctr
2017-08-10 16:54:58,732 paramiko.transport DEBUG: MAC agreed: hmac-sha2-256
2017-08-10 16:54:58,732 paramiko.transport DEBUG: Compression agreed: none
2017-08-10 16:54:58,752 paramiko.transport DEBUG: [chan 0] Sesch channel 0 request ok
2017-08-10 16:54:58,801 paramiko.transport DEBUG: kex engine KexGroup14 specified hash_algo <built-in function openssl_sha1>
2017-08-10 16:54:58,801 paramiko.transport DEBUG: Switch to new keys ...
2017-08-10 16:54:58,832 paramiko.transport DEBUG: Adding ssh-rsa host key for 131.112.21.86: c048d6b6f26de21fbae17e1c16959a60
2017-08-10 16:54:58,833 paramiko.transport DEBUG: Trying SSH agent key 78176c286d2d7a7b835bccf21c0b78c1
2017-08-10 16:54:58,838 paramiko.transport DEBUG: userauth is OK
2017-08-10 16:54:58,849 paramiko.transport INFO: Authentication (publickey) failed.
2017-08-10 16:54:58,865 paramiko.transport DEBUG: userauth is OK
2017-08-10 16:54:58,877 paramiko.transport INFO: Authentication (password) successful!
2017-08-10 16:54:58,983 paramiko.transport DEBUG: Received global request "hostkeys-00@openssh.com"
2017-08-10 16:54:58,983 paramiko.transport DEBUG: Rejecting "hostkeys-00@openssh.com" global request from server.
2017-08-10 16:55:00,755 paramiko.transport DEBUG: [chan 0] EOF received (0)
2017-08-10 16:55:00,756 paramiko.transport DEBUG: [chan 1] Max packet in: 32768 bytes
2017-08-10 16:55:00,756 paramiko.transport DEBUG: [chan 0] EOF sent (0)
2017-08-10 16:55:00,757 paramiko.transport DEBUG: [chan 1] Max packet out: 32768 bytes
2017-08-10 16:55:00,757 paramiko.transport DEBUG: Secsh channel 1 opened.
2017-08-10 16:55:00,794 paramiko.transport DEBUG: [chan 1] Sesch channel 1 request ok
2017-08-10 16:55:00,804 paramiko.transport DEBUG: [chan 1] EOF received (1)
2017-08-10 16:55:00,804 paramiko.transport DEBUG: [chan 1] EOF sent (1)
2017-08-10 16:55:00,887 Host  DEBUG: host1: updated
2017-08-10 16:55:00,888 paramiko.transport DEBUG: [chan 0] Max packet in: 32768 bytes
2017-08-10 16:55:00,888 paramiko.transport DEBUG: [chan 0] Max packet out: 32768 bytes
2017-08-10 16:55:00,888 paramiko.transport DEBUG: Secsh channel 0 opened.
2017-08-10 16:55:00,890 paramiko.transport DEBUG: [chan 0] Sesch channel 0 request ok
2017-08-10 16:55:01,888 Controller DEBUG: Start sever_thread waiting requests for sources
2017-08-10 16:55:01,889 Controller DEBUG: Server loop running in threadThread-7
2017-08-10 16:55:01,889 Controller INFO: Controller is ready
2017-08-10 16:55:02,954 paramiko.transport DEBUG: [chan 0] EOF received (0)
2017-08-10 16:55:02,955 paramiko.transport DEBUG: [chan 1] Max packet in: 32768 bytes
2017-08-10 16:55:02,958 paramiko.transport DEBUG: [chan 0] EOF sent (0)
2017-08-10 16:55:02,959 paramiko.transport DEBUG: [chan 1] Max packet out: 32768 bytes
2017-08-10 16:55:02,959 paramiko.transport DEBUG: Secsh channel 1 opened.
2017-08-10 16:55:03,002 paramiko.transport DEBUG: [chan 1] Sesch channel 1 request ok
2017-08-10 16:55:03,044 paramiko.transport DEBUG: [chan 1] EOF received (1)
2017-08-10 16:55:03,055 paramiko.transport DEBUG: [chan 1] EOF sent (1)
2017-08-10 16:55:06,606 Controller DEBUG: recv() from 131.112.21.86
2017-08-10 16:55:06,612 paramiko.transport DEBUG: [chan 2] Max packet in: 32768 bytes
2017-08-10 16:55:06,621 paramiko.transport DEBUG: [chan 2] Max packet out: 32768 bytes
2017-08-10 16:55:06,627 paramiko.transport DEBUG: Secsh channel 2 opened.
2017-08-10 16:55:06,650 paramiko.transport DEBUG: [chan 2] Sesch channel 2 request ok
2017-08-10 16:55:07,708 paramiko.transport DEBUG: [chan 2] Max packet in: 32768 bytes
2017-08-10 16:55:07,708 paramiko.transport DEBUG: [chan 2] EOF received (2)
2017-08-10 16:55:07,714 paramiko.transport DEBUG: [chan 2] Max packet out: 32768 bytes
2017-08-10 16:55:07,714 paramiko.transport DEBUG: Secsh channel 2 opened.
2017-08-10 16:55:07,723 paramiko.transport DEBUG: [chan 2] Sesch channel 2 request ok
2017-08-10 16:55:07,724 paramiko.transport DEBUG: [chan 2] EOF sent (2)
2017-08-10 16:55:08,771 paramiko.transport DEBUG: [chan 2] EOF received (2)
2017-08-10 16:55:08,782 paramiko.transport DEBUG: [chan 2] EOF sent (2)
2017-08-10 16:55:10,228 Controller DEBUG: recv() from 131.112.21.86
2017-08-10 16:55:12,598 Controller DEBUG: recv() from 131.112.21.86
2017-08-10 16:55:14,499 Controller DEBUG: recv() from 131.112.21.86
2017-08-10 16:55:16,166 Controller DEBUG: recv() from 131.112.21.86
2017-08-10 16:55:17,872 Controller DEBUG: recv() from 131.112.21.86
2017-08-10 16:55:19,871 Controller DEBUG: recv() from 131.112.21.86
2017-08-10 16:55:20,804 Host  DEBUG: host2: updated
2017-08-10 16:55:20,805 paramiko.transport DEBUG: [chan 3] Max packet in: 32768 bytes
2017-08-10 16:55:20,805 paramiko.transport DEBUG: [chan 3] Max packet out: 32768 bytes
2017-08-10 16:55:20,806 paramiko.transport DEBUG: Secsh channel 3 opened.
2017-08-10 16:55:20,814 paramiko.transport DEBUG: [chan 3] Sesch channel 3 request ok
2017-08-10 16:55:22,817 paramiko.transport DEBUG: [chan 3] EOF received (3)
2017-08-10 16:55:22,825 paramiko.transport DEBUG: [chan 4] Max packet in: 32768 bytes
2017-08-10 16:55:22,832 paramiko.transport DEBUG: [chan 3] EOF sent (3)
2017-08-10 16:55:22,882 paramiko.transport DEBUG: [chan 4] Max packet out: 32768 bytes
2017-08-10 16:55:22,891 paramiko.transport DEBUG: Secsh channel 4 opened.
2017-08-10 16:55:22,978 paramiko.transport DEBUG: [chan 4] Sesch channel 4 request ok
2017-08-10 16:55:23,046 Host  DEBUG: host1: updated
2017-08-10 16:55:23,058 paramiko.transport DEBUG: [chan 3] Max packet in: 32768 bytes
2017-08-10 16:55:23,078 paramiko.transport DEBUG: [chan 3] Max packet out: 32768 bytes
2017-08-10 16:55:23,078 paramiko.transport DEBUG: Secsh channel 3 opened.
2017-08-10 16:55:23,116 paramiko.transport DEBUG: [chan 3] Sesch channel 3 request ok
2017-08-10 16:55:23,977 paramiko.transport DEBUG: [chan 5] Max packet in: 32768 bytes
2017-08-10 16:55:23,977 paramiko.transport DEBUG: [chan 4] EOF received (4)
2017-08-10 16:55:24,034 paramiko.transport DEBUG: [chan 4] EOF sent (4)
2017-08-10 16:55:24,066 paramiko.transport DEBUG: [chan 5] Max packet out: 32768 bytes
2017-08-10 16:55:24,078 paramiko.transport DEBUG: Secsh channel 5 opened.
2017-08-10 16:55:24,124 paramiko.transport DEBUG: [chan 5] Sesch channel 5 request ok
2017-08-10 16:55:24,125 paramiko.transport DEBUG: [chan 5] EOF received (5)
2017-08-10 16:55:24,200 paramiko.transport DEBUG: [chan 5] EOF sent (5)
2017-08-10 16:55:25,128 paramiko.transport DEBUG: [chan 3] EOF received (3)
2017-08-10 16:55:25,128 paramiko.transport DEBUG: [chan 4] Max packet in: 32768 bytes
2017-08-10 16:55:25,141 paramiko.transport DEBUG: [chan 3] EOF sent (3)
2017-08-10 16:55:25,212 paramiko.transport DEBUG: [chan 4] Max packet out: 32768 bytes
2017-08-10 16:55:25,230 paramiko.transport DEBUG: Secsh channel 4 opened.
2017-08-10 16:55:25,258 paramiko.transport DEBUG: [chan 4] Sesch channel 4 request ok
2017-08-10 16:55:26,280 paramiko.transport DEBUG: [chan 5] Max packet in: 32768 bytes
2017-08-10 16:55:26,279 paramiko.transport DEBUG: [chan 4] EOF received (4)
2017-08-10 16:55:26,286 paramiko.transport DEBUG: [chan 4] EOF sent (4)
2017-08-10 16:55:26,324 paramiko.transport DEBUG: [chan 5] Max packet out: 32768 bytes
2017-08-10 16:55:26,343 paramiko.transport DEBUG: Secsh channel 5 opened.
2017-08-10 16:55:26,388 paramiko.transport DEBUG: [chan 5] Sesch channel 5 request ok
2017-08-10 16:55:26,440 paramiko.transport DEBUG: [chan 5] EOF received (5)
2017-08-10 16:55:26,482 paramiko.transport DEBUG: [chan 5] EOF sent (5)
2017-08-10 16:55:34,486 Controller INFO: Disconnecting host(s)...
2017-08-10 16:55:34,521 paramiko.transport DEBUG: EOF in transport thread
2017-08-10 16:55:34,529 Host  DEBUG: 131.112.21.80: closed
2017-08-10 16:55:34,619 paramiko.transport DEBUG: EOF in transport thread
2017-08-10 16:55:34,661 Host  DEBUG: 131.112.21.86: closed
2017-08-10 16:55:34,661 Controller DEBUG: Shut down a server
2017-08-10 16:55:34,921 Controller INFO: Exit
