2017-08-10 15:35:59,767 Controller INFO: load configuration...
2017-08-10 15:35:59,784 Controller INFO: Connecting host(s)...
2017-08-10 15:35:59,803 paramiko.transport DEBUG: starting thread (client mode): 0x3633cd90L
2017-08-10 15:35:59,803 paramiko.transport DEBUG: Local version/idstring: SSH-2.0-paramiko_1.16.0
2017-08-10 15:35:59,811 paramiko.transport DEBUG: Remote version/idstring: SSH-2.0-OpenSSH_6.6p1 Ubuntu-2ubuntu1
2017-08-10 15:35:59,812 paramiko.transport INFO: Connected (version 2.0, client OpenSSH_6.6p1)
2017-08-10 15:35:59,813 paramiko.transport DEBUG: kex algos:[u'curve25519-sha256@libssh.org', u'ecdh-sha2-nistp256', u'ecdh-sha2-nistp384', u'ecdh-sha2-nistp521', u'diffie-hellman-group-exchange-sha256', u'diffie-hellman-group-exchange-sha1', u'diffie-hellman-group14-sha1', u'diffie-hellman-group1-sha1'] server key:[u'ssh-rsa', u'ssh-dss', u'ecdsa-sha2-nistp256', u'ssh-ed25519'] client encrypt:[u'aes128-ctr', u'aes192-ctr', u'aes256-ctr', u'arcfour256', u'arcfour128', u'aes128-gcm@openssh.com', u'aes256-gcm@openssh.com', u'chacha20-poly1305@openssh.com', u'aes128-cbc', u'3des-cbc', u'blowfish-cbc', u'cast128-cbc', u'aes192-cbc', u'aes256-cbc', u'arcfour', u'rijndael-cbc@lysator.liu.se'] server encrypt:[u'aes128-ctr', u'aes192-ctr', u'aes256-ctr', u'arcfour256', u'arcfour128', u'aes128-gcm@openssh.com', u'aes256-gcm@openssh.com', u'chacha20-poly1305@openssh.com', u'aes128-cbc', u'3des-cbc', u'blowfish-cbc', u'cast128-cbc', u'aes192-cbc', u'aes256-cbc', u'arcfour', u'rijndael-cbc@lysator.liu.se'] client mac:[u'hmac-md5-etm@openssh.com', u'hmac-sha1-etm@openssh.com', u'umac-64-etm@openssh.com', u'umac-128-etm@openssh.com', u'hmac-sha2-256-etm@openssh.com', u'hmac-sha2-512-etm@openssh.com', u'hmac-ripemd160-etm@openssh.com', u'hmac-sha1-96-etm@openssh.com', u'hmac-md5-96-etm@openssh.com', u'hmac-md5', u'hmac-sha1', u'umac-64@openssh.com', u'umac-128@openssh.com', u'hmac-sha2-256', u'hmac-sha2-512', u'hmac-ripemd160', u'hmac-ripemd160@openssh.com', u'hmac-sha1-96', u'hmac-md5-96'] server mac:[u'hmac-md5-etm@openssh.com', u'hmac-sha1-etm@openssh.com', u'umac-64-etm@openssh.com', u'umac-128-etm@openssh.com', u'hmac-sha2-256-etm@openssh.com', u'hmac-sha2-512-etm@openssh.com', u'hmac-ripemd160-etm@openssh.com', u'hmac-sha1-96-etm@openssh.com', u'hmac-md5-96-etm@openssh.com', u'hmac-md5', u'hmac-sha1', u'umac-64@openssh.com', u'umac-128@openssh.com', u'hmac-sha2-256', u'hmac-sha2-512', u'hmac-ripemd160', u'hmac-ripemd160@openssh.com', u'hmac-sha1-96', u'hmac-md5-96'] client compress:[u'none', u'zlib@openssh.com'] server compress:[u'none', u'zlib@openssh.com'] client lang:[u''] server lang:[u''] kex follows?False
2017-08-10 15:35:59,813 paramiko.transport DEBUG: Kex agreed: diffie-hellman-group1-sha1
2017-08-10 15:35:59,813 paramiko.transport DEBUG: Cipher agreed: aes128-ctr
2017-08-10 15:35:59,813 paramiko.transport DEBUG: MAC agreed: hmac-sha2-256
2017-08-10 15:35:59,813 paramiko.transport DEBUG: Compression agreed: none
2017-08-10 15:35:59,870 paramiko.transport DEBUG: kex engine KexGroup1 specified hash_algo <built-in function openssl_sha1>
2017-08-10 15:35:59,871 paramiko.transport DEBUG: Switch to new keys ...
2017-08-10 15:35:59,905 paramiko.transport DEBUG: Adding ssh-rsa host key for 131.112.21.80: 8a7a571eab8057b78830e2152fb83e45
2017-08-10 15:35:59,975 paramiko.transport DEBUG: Trying SSH agent key 78176c286d2d7a7b835bccf21c0b78c1
2017-08-10 15:35:59,975 paramiko.transport DEBUG: userauth is OK
2017-08-10 15:35:59,991 paramiko.transport INFO: Authentication (publickey) failed.
2017-08-10 15:36:00,012 paramiko.transport DEBUG: userauth is OK
2017-08-10 15:36:00,040 paramiko.transport INFO: Authentication (password) successful!
2017-08-10 15:36:02,087 Host  DEBUG: host2: updated
2017-08-10 15:36:02,088 paramiko.transport DEBUG: [chan 0] Max packet in: 32768 bytes
2017-08-10 15:36:02,093 paramiko.transport DEBUG: starting thread (client mode): 0x362db810L
2017-08-10 15:36:02,094 paramiko.transport DEBUG: Local version/idstring: SSH-2.0-paramiko_1.16.0
2017-08-10 15:36:02,094 paramiko.transport DEBUG: [chan 0] Max packet out: 32768 bytes
2017-08-10 15:36:02,094 paramiko.transport DEBUG: Secsh channel 0 opened.
2017-08-10 15:36:02,096 paramiko.transport DEBUG: [chan 0] Sesch channel 0 request ok
2017-08-10 15:36:02,275 paramiko.transport DEBUG: Remote version/idstring: SSH-2.0-OpenSSH_7.2p2 Ubuntu-4ubuntu2.2
2017-08-10 15:36:02,276 paramiko.transport INFO: Connected (version 2.0, client OpenSSH_7.2p2)
2017-08-10 15:36:02,276 paramiko.transport DEBUG: kex algos:[u'diffie-hellman-group-exchange-sha256', u'diffie-hellman-group14-sha1', u'diffie-hellman-group-exchange-sha1'] server key:[u'ssh-rsa', u'rsa-sha2-512', u'rsa-sha2-256', u'ecdsa-sha2-nistp256', u'ssh-ed25519'] client encrypt:[u'aes256-gcm@openssh.com', u'aes128-gcm@openssh.com', u'aes256-ctr', u'aes128-ctr'] server encrypt:[u'aes256-gcm@openssh.com', u'aes128-gcm@openssh.com', u'aes256-ctr', u'aes128-ctr'] client mac:[u'hmac-sha2-512-etm@openssh.com', u'hmac-sha2-256-etm@openssh.com', u'umac-128-etm@openssh.com', u'hmac-sha2-512', u'hmac-sha2-256', u'hmac-ripemd160', u'hmac-sha1'] server mac:[u'hmac-sha2-512-etm@openssh.com', u'hmac-sha2-256-etm@openssh.com', u'umac-128-etm@openssh.com', u'hmac-sha2-512', u'hmac-sha2-256', u'hmac-ripemd160', u'hmac-sha1'] client compress:[u'none', u'zlib@openssh.com'] server compress:[u'none', u'zlib@openssh.com'] client lang:[u''] server lang:[u''] kex follows?False
2017-08-10 15:36:02,276 paramiko.transport DEBUG: Kex agreed: diffie-hellman-group14-sha1
2017-08-10 15:36:02,277 paramiko.transport DEBUG: Cipher agreed: aes128-ctr
2017-08-10 15:36:02,277 paramiko.transport DEBUG: MAC agreed: hmac-sha2-256
2017-08-10 15:36:02,277 paramiko.transport DEBUG: Compression agreed: none
2017-08-10 15:36:02,323 paramiko.transport DEBUG: kex engine KexGroup14 specified hash_algo <built-in function openssl_sha1>
2017-08-10 15:36:02,324 paramiko.transport DEBUG: Switch to new keys ...
2017-08-10 15:36:02,331 paramiko.transport DEBUG: Adding ssh-rsa host key for 131.112.21.86: c048d6b6f26de21fbae17e1c16959a60
2017-08-10 15:36:02,355 paramiko.transport DEBUG: Trying SSH agent key 78176c286d2d7a7b835bccf21c0b78c1
2017-08-10 15:36:02,362 paramiko.transport DEBUG: userauth is OK
2017-08-10 15:36:02,436 paramiko.transport INFO: Authentication (publickey) failed.
2017-08-10 15:36:02,456 paramiko.transport DEBUG: userauth is OK
2017-08-10 15:36:02,463 paramiko.transport INFO: Authentication (password) successful!
2017-08-10 15:36:04,000 paramiko.transport DEBUG: Received global request "hostkeys-00@openssh.com"
2017-08-10 15:36:04,000 paramiko.transport DEBUG: Rejecting "hostkeys-00@openssh.com" global request from server.
2017-08-10 15:36:04,100 paramiko.transport DEBUG: [chan 0] EOF received (0)
2017-08-10 15:36:04,101 paramiko.transport DEBUG: [chan 1] Max packet in: 32768 bytes
2017-08-10 15:36:04,102 paramiko.transport DEBUG: [chan 0] EOF sent (0)
2017-08-10 15:36:04,103 paramiko.transport DEBUG: [chan 1] Max packet out: 32768 bytes
2017-08-10 15:36:04,103 paramiko.transport DEBUG: Secsh channel 1 opened.
2017-08-10 15:36:04,142 paramiko.transport DEBUG: [chan 1] Sesch channel 1 request ok
2017-08-10 15:36:04,151 paramiko.transport DEBUG: [chan 1] EOF received (1)
2017-08-10 15:36:04,152 paramiko.transport DEBUG: [chan 1] EOF sent (1)
2017-08-10 15:36:04,475 Host  DEBUG: host1: updated
2017-08-10 15:36:04,475 paramiko.transport DEBUG: [chan 0] Max packet in: 32768 bytes
2017-08-10 15:36:04,476 paramiko.transport DEBUG: [chan 0] Max packet out: 32768 bytes
2017-08-10 15:36:04,476 paramiko.transport DEBUG: Secsh channel 0 opened.
2017-08-10 15:36:04,478 paramiko.transport DEBUG: [chan 0] Sesch channel 0 request ok
2017-08-10 15:36:05,476 Controller DEBUG: Start sever_thread waiting requests for sources
2017-08-10 15:36:05,477 Controller DEBUG: Server loop running in threadThread-7
2017-08-10 15:36:05,477 Controller INFO: Controller is ready
2017-08-10 15:36:06,570 paramiko.transport DEBUG: [chan 0] EOF received (0)
2017-08-10 15:36:06,570 paramiko.transport DEBUG: [chan 1] Max packet in: 32768 bytes
2017-08-10 15:36:06,577 paramiko.transport DEBUG: [chan 0] EOF sent (0)
2017-08-10 15:36:06,593 paramiko.transport DEBUG: [chan 1] Max packet out: 32768 bytes
2017-08-10 15:36:06,594 paramiko.transport DEBUG: Secsh channel 1 opened.
2017-08-10 15:36:06,626 paramiko.transport DEBUG: [chan 1] Sesch channel 1 request ok
2017-08-10 15:36:06,660 paramiko.transport DEBUG: [chan 1] EOF received (1)
2017-08-10 15:36:06,666 paramiko.transport DEBUG: [chan 1] EOF sent (1)
2017-08-10 15:36:24,153 Host  DEBUG: host2: updated
2017-08-10 15:36:24,154 paramiko.transport DEBUG: [chan 2] Max packet in: 32768 bytes
2017-08-10 15:36:24,155 paramiko.transport DEBUG: [chan 2] Max packet out: 32768 bytes
2017-08-10 15:36:24,158 paramiko.transport DEBUG: Secsh channel 2 opened.
2017-08-10 15:36:24,169 paramiko.transport DEBUG: [chan 2] Sesch channel 2 request ok
2017-08-10 15:36:26,179 paramiko.transport DEBUG: [chan 3] Max packet in: 32768 bytes
2017-08-10 15:36:26,179 paramiko.transport DEBUG: [chan 2] EOF received (2)
2017-08-10 15:36:26,182 paramiko.transport DEBUG: [chan 2] EOF sent (2)
2017-08-10 15:36:26,213 paramiko.transport DEBUG: [chan 3] Max packet out: 32768 bytes
2017-08-10 15:36:26,213 paramiko.transport DEBUG: Secsh channel 3 opened.
2017-08-10 15:36:26,273 paramiko.transport DEBUG: [chan 3] Sesch channel 3 request ok
2017-08-10 15:36:26,359 paramiko.transport DEBUG: [chan 3] EOF received (3)
2017-08-10 15:36:26,366 paramiko.transport DEBUG: [chan 3] EOF sent (3)
2017-08-10 15:36:26,660 Host  DEBUG: host1: updated
2017-08-10 15:36:26,662 paramiko.transport DEBUG: [chan 2] Max packet in: 32768 bytes
2017-08-10 15:36:26,665 paramiko.transport DEBUG: [chan 2] Max packet out: 32768 bytes
2017-08-10 15:36:26,666 paramiko.transport DEBUG: Secsh channel 2 opened.
2017-08-10 15:36:26,676 paramiko.transport DEBUG: [chan 2] Sesch channel 2 request ok
2017-08-10 15:36:28,678 paramiko.transport DEBUG: [chan 2] EOF received (2)
2017-08-10 15:36:28,679 paramiko.transport DEBUG: [chan 3] Max packet in: 32768 bytes
2017-08-10 15:36:28,686 paramiko.transport DEBUG: [chan 2] EOF sent (2)
2017-08-10 15:36:28,694 paramiko.transport DEBUG: [chan 3] Max packet out: 32768 bytes
2017-08-10 15:36:28,698 paramiko.transport DEBUG: Secsh channel 3 opened.
2017-08-10 15:36:28,728 paramiko.transport DEBUG: [chan 3] Sesch channel 3 request ok
2017-08-10 15:36:28,778 paramiko.transport DEBUG: [chan 3] EOF received (3)
2017-08-10 15:36:28,785 paramiko.transport DEBUG: [chan 3] EOF sent (3)
2017-08-10 15:36:44,490 Controller INFO: Disconnecting host(s)...
2017-08-10 15:36:44,594 paramiko.transport DEBUG: EOF in transport thread
2017-08-10 15:36:44,624 Host  DEBUG: 131.112.21.80: closed
2017-08-10 15:36:44,684 paramiko.transport DEBUG: EOF in transport thread
2017-08-10 15:36:44,712 Host  DEBUG: 131.112.21.86: closed
2017-08-10 15:36:44,712 Controller DEBUG: Shut down a server
2017-08-10 15:36:45,100 Controller INFO: Exit
