2017-08-10 17:01:45,835 Controller INFO: load configuration...
2017-08-10 17:01:45,836 Controller INFO: Connecting host(s)...
2017-08-10 17:01:45,843 paramiko.transport DEBUG: starting thread (client mode): 0x95d2fe10L
2017-08-10 17:01:45,843 paramiko.transport DEBUG: Local version/idstring: SSH-2.0-paramiko_1.16.0
2017-08-10 17:01:45,852 paramiko.transport DEBUG: Remote version/idstring: SSH-2.0-OpenSSH_6.6p1 Ubuntu-2ubuntu1
2017-08-10 17:01:45,852 paramiko.transport INFO: Connected (version 2.0, client OpenSSH_6.6p1)
2017-08-10 17:01:45,853 paramiko.transport DEBUG: kex algos:[u'curve25519-sha256@libssh.org', u'ecdh-sha2-nistp256', u'ecdh-sha2-nistp384', u'ecdh-sha2-nistp521', u'diffie-hellman-group-exchange-sha256', u'diffie-hellman-group-exchange-sha1', u'diffie-hellman-group14-sha1', u'diffie-hellman-group1-sha1'] server key:[u'ssh-rsa', u'ssh-dss', u'ecdsa-sha2-nistp256', u'ssh-ed25519'] client encrypt:[u'aes128-ctr', u'aes192-ctr', u'aes256-ctr', u'arcfour256', u'arcfour128', u'aes128-gcm@openssh.com', u'aes256-gcm@openssh.com', u'chacha20-poly1305@openssh.com', u'aes128-cbc', u'3des-cbc', u'blowfish-cbc', u'cast128-cbc', u'aes192-cbc', u'aes256-cbc', u'arcfour', u'rijndael-cbc@lysator.liu.se'] server encrypt:[u'aes128-ctr', u'aes192-ctr', u'aes256-ctr', u'arcfour256', u'arcfour128', u'aes128-gcm@openssh.com', u'aes256-gcm@openssh.com', u'chacha20-poly1305@openssh.com', u'aes128-cbc', u'3des-cbc', u'blowfish-cbc', u'cast128-cbc', u'aes192-cbc', u'aes256-cbc', u'arcfour', u'rijndael-cbc@lysator.liu.se'] client mac:[u'hmac-md5-etm@openssh.com', u'hmac-sha1-etm@openssh.com', u'umac-64-etm@openssh.com', u'umac-128-etm@openssh.com', u'hmac-sha2-256-etm@openssh.com', u'hmac-sha2-512-etm@openssh.com', u'hmac-ripemd160-etm@openssh.com', u'hmac-sha1-96-etm@openssh.com', u'hmac-md5-96-etm@openssh.com', u'hmac-md5', u'hmac-sha1', u'umac-64@openssh.com', u'umac-128@openssh.com', u'hmac-sha2-256', u'hmac-sha2-512', u'hmac-ripemd160', u'hmac-ripemd160@openssh.com', u'hmac-sha1-96', u'hmac-md5-96'] server mac:[u'hmac-md5-etm@openssh.com', u'hmac-sha1-etm@openssh.com', u'umac-64-etm@openssh.com', u'umac-128-etm@openssh.com', u'hmac-sha2-256-etm@openssh.com', u'hmac-sha2-512-etm@openssh.com', u'hmac-ripemd160-etm@openssh.com', u'hmac-sha1-96-etm@openssh.com', u'hmac-md5-96-etm@openssh.com', u'hmac-md5', u'hmac-sha1', u'umac-64@openssh.com', u'umac-128@openssh.com', u'hmac-sha2-256', u'hmac-sha2-512', u'hmac-ripemd160', u'hmac-ripemd160@openssh.com', u'hmac-sha1-96', u'hmac-md5-96'] client compress:[u'none', u'zlib@openssh.com'] server compress:[u'none', u'zlib@openssh.com'] client lang:[u''] server lang:[u''] kex follows?False
2017-08-10 17:01:45,853 paramiko.transport DEBUG: Kex agreed: diffie-hellman-group1-sha1
2017-08-10 17:01:45,853 paramiko.transport DEBUG: Cipher agreed: aes128-ctr
2017-08-10 17:01:45,853 paramiko.transport DEBUG: MAC agreed: hmac-sha2-256
2017-08-10 17:01:45,853 paramiko.transport DEBUG: Compression agreed: none
2017-08-10 17:01:45,911 paramiko.transport DEBUG: kex engine KexGroup1 specified hash_algo <built-in function openssl_sha1>
2017-08-10 17:01:45,912 paramiko.transport DEBUG: Switch to new keys ...
2017-08-10 17:01:45,944 paramiko.transport DEBUG: Adding ssh-rsa host key for 131.112.21.80: 8a7a571eab8057b78830e2152fb83e45
2017-08-10 17:01:45,945 paramiko.transport DEBUG: Trying SSH agent key 78176c286d2d7a7b835bccf21c0b78c1
2017-08-10 17:01:45,951 paramiko.transport DEBUG: userauth is OK
2017-08-10 17:01:45,963 paramiko.transport INFO: Authentication (publickey) failed.
2017-08-10 17:01:45,977 paramiko.transport DEBUG: userauth is OK
2017-08-10 17:01:46,020 paramiko.transport INFO: Authentication (password) successful!
2017-08-10 17:01:48,048 Host  DEBUG: host2: updated
2017-08-10 17:01:48,050 paramiko.transport DEBUG: [chan 0] Max packet in: 32768 bytes
2017-08-10 17:01:48,055 paramiko.transport DEBUG: [chan 0] Max packet out: 32768 bytes
2017-08-10 17:01:48,055 paramiko.transport DEBUG: Secsh channel 0 opened.
2017-08-10 17:01:48,055 paramiko.transport DEBUG: starting thread (client mode): 0x95cce7d0L
2017-08-10 17:01:48,056 paramiko.transport DEBUG: Local version/idstring: SSH-2.0-paramiko_1.16.0
2017-08-10 17:01:48,056 paramiko.transport DEBUG: Remote version/idstring: SSH-2.0-OpenSSH_7.2p2 Ubuntu-4ubuntu2.2
2017-08-10 17:01:48,056 paramiko.transport INFO: Connected (version 2.0, client OpenSSH_7.2p2)
2017-08-10 17:01:48,061 paramiko.transport DEBUG: [chan 0] Sesch channel 0 request ok
2017-08-10 17:01:48,061 paramiko.transport DEBUG: kex algos:[u'diffie-hellman-group-exchange-sha256', u'diffie-hellman-group14-sha1', u'diffie-hellman-group-exchange-sha1'] server key:[u'ssh-rsa', u'rsa-sha2-512', u'rsa-sha2-256', u'ecdsa-sha2-nistp256', u'ssh-ed25519'] client encrypt:[u'aes256-gcm@openssh.com', u'aes128-gcm@openssh.com', u'aes256-ctr', u'aes128-ctr'] server encrypt:[u'aes256-gcm@openssh.com', u'aes128-gcm@openssh.com', u'aes256-ctr', u'aes128-ctr'] client mac:[u'hmac-sha2-512-etm@openssh.com', u'hmac-sha2-256-etm@openssh.com', u'umac-128-etm@openssh.com', u'hmac-sha2-512', u'hmac-sha2-256', u'hmac-ripemd160', u'hmac-sha1'] server mac:[u'hmac-sha2-512-etm@openssh.com', u'hmac-sha2-256-etm@openssh.com', u'umac-128-etm@openssh.com', u'hmac-sha2-512', u'hmac-sha2-256', u'hmac-ripemd160', u'hmac-sha1'] client compress:[u'none', u'zlib@openssh.com'] server compress:[u'none', u'zlib@openssh.com'] client lang:[u''] server lang:[u''] kex follows?False
2017-08-10 17:01:48,062 paramiko.transport DEBUG: Kex agreed: diffie-hellman-group14-sha1
2017-08-10 17:01:48,062 paramiko.transport DEBUG: Cipher agreed: aes128-ctr
2017-08-10 17:01:48,062 paramiko.transport DEBUG: MAC agreed: hmac-sha2-256
2017-08-10 17:01:48,062 paramiko.transport DEBUG: Compression agreed: none
2017-08-10 17:01:48,128 paramiko.transport DEBUG: kex engine KexGroup14 specified hash_algo <built-in function openssl_sha1>
2017-08-10 17:01:48,129 paramiko.transport DEBUG: Switch to new keys ...
2017-08-10 17:01:48,157 paramiko.transport DEBUG: Adding ssh-rsa host key for 131.112.21.86: c048d6b6f26de21fbae17e1c16959a60
2017-08-10 17:01:48,158 paramiko.transport DEBUG: Trying SSH agent key 78176c286d2d7a7b835bccf21c0b78c1
2017-08-10 17:01:48,166 paramiko.transport DEBUG: userauth is OK
2017-08-10 17:01:48,177 paramiko.transport INFO: Authentication (publickey) failed.
2017-08-10 17:01:48,190 paramiko.transport DEBUG: userauth is OK
2017-08-10 17:01:48,201 paramiko.transport INFO: Authentication (password) successful!
2017-08-10 17:01:48,309 paramiko.transport DEBUG: Received global request "hostkeys-00@openssh.com"
2017-08-10 17:01:48,309 paramiko.transport DEBUG: Rejecting "hostkeys-00@openssh.com" global request from server.
2017-08-10 17:01:50,062 paramiko.transport DEBUG: [chan 0] EOF received (0)
2017-08-10 17:01:50,063 paramiko.transport DEBUG: [chan 1] Max packet in: 32768 bytes
2017-08-10 17:01:50,063 paramiko.transport DEBUG: [chan 0] EOF sent (0)
2017-08-10 17:01:50,063 paramiko.transport DEBUG: [chan 1] Max packet out: 32768 bytes
2017-08-10 17:01:50,063 paramiko.transport DEBUG: Secsh channel 1 opened.
2017-08-10 17:01:50,103 paramiko.transport DEBUG: [chan 1] Sesch channel 1 request ok
2017-08-10 17:01:50,113 paramiko.transport DEBUG: [chan 1] EOF received (1)
2017-08-10 17:01:50,113 paramiko.transport DEBUG: [chan 1] EOF sent (1)
2017-08-10 17:01:50,211 Host  DEBUG: host1: updated
2017-08-10 17:01:50,211 paramiko.transport DEBUG: [chan 0] Max packet in: 32768 bytes
2017-08-10 17:01:50,212 paramiko.transport DEBUG: [chan 0] Max packet out: 32768 bytes
2017-08-10 17:01:50,212 paramiko.transport DEBUG: Secsh channel 0 opened.
2017-08-10 17:01:50,213 paramiko.transport DEBUG: [chan 0] Sesch channel 0 request ok
2017-08-10 17:01:51,212 Controller DEBUG: Start sever_thread waiting requests for sources
2017-08-10 17:01:52,217 paramiko.transport DEBUG: [chan 0] EOF received (0)
2017-08-10 17:01:52,218 paramiko.transport DEBUG: [chan 0] EOF sent (0)
2017-08-10 17:01:52,218 paramiko.transport DEBUG: [chan 1] Max packet in: 32768 bytes
2017-08-10 17:01:52,254 paramiko.transport DEBUG: [chan 1] Max packet out: 32768 bytes
2017-08-10 17:01:52,255 paramiko.transport DEBUG: Secsh channel 1 opened.
2017-08-10 17:01:52,283 paramiko.transport DEBUG: [chan 1] Sesch channel 1 request ok
2017-08-10 17:01:52,311 paramiko.transport DEBUG: [chan 1] EOF received (1)
2017-08-10 17:01:52,312 paramiko.transport DEBUG: [chan 1] EOF sent (1)
