2017-08-10 17:00:34,105 Controller INFO: load configuration...
2017-08-10 17:00:34,107 Controller INFO: Connecting host(s)...
2017-08-10 17:00:34,116 paramiko.transport DEBUG: starting thread (client mode): 0x34c6de10L
2017-08-10 17:00:34,116 paramiko.transport DEBUG: Local version/idstring: SSH-2.0-paramiko_1.16.0
2017-08-10 17:00:34,125 paramiko.transport DEBUG: Remote version/idstring: SSH-2.0-OpenSSH_6.6p1 Ubuntu-2ubuntu1
2017-08-10 17:00:34,125 paramiko.transport INFO: Connected (version 2.0, client OpenSSH_6.6p1)
2017-08-10 17:00:34,126 paramiko.transport DEBUG: kex algos:[u'curve25519-sha256@libssh.org', u'ecdh-sha2-nistp256', u'ecdh-sha2-nistp384', u'ecdh-sha2-nistp521', u'diffie-hellman-group-exchange-sha256', u'diffie-hellman-group-exchange-sha1', u'diffie-hellman-group14-sha1', u'diffie-hellman-group1-sha1'] server key:[u'ssh-rsa', u'ssh-dss', u'ecdsa-sha2-nistp256', u'ssh-ed25519'] client encrypt:[u'aes128-ctr', u'aes192-ctr', u'aes256-ctr', u'arcfour256', u'arcfour128', u'aes128-gcm@openssh.com', u'aes256-gcm@openssh.com', u'chacha20-poly1305@openssh.com', u'aes128-cbc', u'3des-cbc', u'blowfish-cbc', u'cast128-cbc', u'aes192-cbc', u'aes256-cbc', u'arcfour', u'rijndael-cbc@lysator.liu.se'] server encrypt:[u'aes128-ctr', u'aes192-ctr', u'aes256-ctr', u'arcfour256', u'arcfour128', u'aes128-gcm@openssh.com', u'aes256-gcm@openssh.com', u'chacha20-poly1305@openssh.com', u'aes128-cbc', u'3des-cbc', u'blowfish-cbc', u'cast128-cbc', u'aes192-cbc', u'aes256-cbc', u'arcfour', u'rijndael-cbc@lysator.liu.se'] client mac:[u'hmac-md5-etm@openssh.com', u'hmac-sha1-etm@openssh.com', u'umac-64-etm@openssh.com', u'umac-128-etm@openssh.com', u'hmac-sha2-256-etm@openssh.com', u'hmac-sha2-512-etm@openssh.com', u'hmac-ripemd160-etm@openssh.com', u'hmac-sha1-96-etm@openssh.com', u'hmac-md5-96-etm@openssh.com', u'hmac-md5', u'hmac-sha1', u'umac-64@openssh.com', u'umac-128@openssh.com', u'hmac-sha2-256', u'hmac-sha2-512', u'hmac-ripemd160', u'hmac-ripemd160@openssh.com', u'hmac-sha1-96', u'hmac-md5-96'] server mac:[u'hmac-md5-etm@openssh.com', u'hmac-sha1-etm@openssh.com', u'umac-64-etm@openssh.com', u'umac-128-etm@openssh.com', u'hmac-sha2-256-etm@openssh.com', u'hmac-sha2-512-etm@openssh.com', u'hmac-ripemd160-etm@openssh.com', u'hmac-sha1-96-etm@openssh.com', u'hmac-md5-96-etm@openssh.com', u'hmac-md5', u'hmac-sha1', u'umac-64@openssh.com', u'umac-128@openssh.com', u'hmac-sha2-256', u'hmac-sha2-512', u'hmac-ripemd160', u'hmac-ripemd160@openssh.com', u'hmac-sha1-96', u'hmac-md5-96'] client compress:[u'none', u'zlib@openssh.com'] server compress:[u'none', u'zlib@openssh.com'] client lang:[u''] server lang:[u''] kex follows?False
2017-08-10 17:00:34,126 paramiko.transport DEBUG: Kex agreed: diffie-hellman-group1-sha1
2017-08-10 17:00:34,127 paramiko.transport DEBUG: Cipher agreed: aes128-ctr
2017-08-10 17:00:34,127 paramiko.transport DEBUG: MAC agreed: hmac-sha2-256
2017-08-10 17:00:34,127 paramiko.transport DEBUG: Compression agreed: none
2017-08-10 17:00:34,183 paramiko.transport DEBUG: kex engine KexGroup1 specified hash_algo <built-in function openssl_sha1>
2017-08-10 17:00:34,183 paramiko.transport DEBUG: Switch to new keys ...
2017-08-10 17:00:34,217 paramiko.transport DEBUG: Adding ssh-rsa host key for 131.112.21.80: 8a7a571eab8057b78830e2152fb83e45
2017-08-10 17:00:34,218 paramiko.transport DEBUG: Trying SSH agent key 78176c286d2d7a7b835bccf21c0b78c1
2017-08-10 17:00:34,223 paramiko.transport DEBUG: userauth is OK
2017-08-10 17:00:34,235 paramiko.transport INFO: Authentication (publickey) failed.
2017-08-10 17:00:34,250 paramiko.transport DEBUG: userauth is OK
2017-08-10 17:00:34,292 paramiko.transport INFO: Authentication (password) successful!
2017-08-10 17:00:36,319 Host  DEBUG: host2: updated
2017-08-10 17:00:36,322 paramiko.transport DEBUG: [chan 0] Max packet in: 32768 bytes
2017-08-10 17:00:36,330 paramiko.transport DEBUG: [chan 0] Max packet out: 32768 bytes
2017-08-10 17:00:36,330 paramiko.transport DEBUG: Secsh channel 0 opened.
2017-08-10 17:00:36,331 paramiko.transport DEBUG: starting thread (client mode): 0x34c0c890L
2017-08-10 17:00:36,331 paramiko.transport DEBUG: Local version/idstring: SSH-2.0-paramiko_1.16.0
2017-08-10 17:00:36,331 paramiko.transport DEBUG: Remote version/idstring: SSH-2.0-OpenSSH_7.2p2 Ubuntu-4ubuntu2.2
2017-08-10 17:00:36,331 paramiko.transport INFO: Connected (version 2.0, client OpenSSH_7.2p2)
2017-08-10 17:00:36,332 paramiko.transport DEBUG: [chan 0] Sesch channel 0 request ok
2017-08-10 17:00:36,332 paramiko.transport DEBUG: kex algos:[u'diffie-hellman-group-exchange-sha256', u'diffie-hellman-group14-sha1', u'diffie-hellman-group-exchange-sha1'] server key:[u'ssh-rsa', u'rsa-sha2-512', u'rsa-sha2-256', u'ecdsa-sha2-nistp256', u'ssh-ed25519'] client encrypt:[u'aes256-gcm@openssh.com', u'aes128-gcm@openssh.com', u'aes256-ctr', u'aes128-ctr'] server encrypt:[u'aes256-gcm@openssh.com', u'aes128-gcm@openssh.com', u'aes256-ctr', u'aes128-ctr'] client mac:[u'hmac-sha2-512-etm@openssh.com', u'hmac-sha2-256-etm@openssh.com', u'umac-128-etm@openssh.com', u'hmac-sha2-512', u'hmac-sha2-256', u'hmac-ripemd160', u'hmac-sha1'] server mac:[u'hmac-sha2-512-etm@openssh.com', u'hmac-sha2-256-etm@openssh.com', u'umac-128-etm@openssh.com', u'hmac-sha2-512', u'hmac-sha2-256', u'hmac-ripemd160', u'hmac-sha1'] client compress:[u'none', u'zlib@openssh.com'] server compress:[u'none', u'zlib@openssh.com'] client lang:[u''] server lang:[u''] kex follows?False
2017-08-10 17:00:36,333 paramiko.transport DEBUG: Kex agreed: diffie-hellman-group14-sha1
2017-08-10 17:00:36,333 paramiko.transport DEBUG: Cipher agreed: aes128-ctr
2017-08-10 17:00:36,333 paramiko.transport DEBUG: MAC agreed: hmac-sha2-256
2017-08-10 17:00:36,333 paramiko.transport DEBUG: Compression agreed: none
2017-08-10 17:00:36,402 paramiko.transport DEBUG: kex engine KexGroup14 specified hash_algo <built-in function openssl_sha1>
2017-08-10 17:00:36,403 paramiko.transport DEBUG: Switch to new keys ...
2017-08-10 17:00:36,432 paramiko.transport DEBUG: Adding ssh-rsa host key for 131.112.21.86: c048d6b6f26de21fbae17e1c16959a60
2017-08-10 17:00:36,433 paramiko.transport DEBUG: Trying SSH agent key 78176c286d2d7a7b835bccf21c0b78c1
2017-08-10 17:00:36,442 paramiko.transport DEBUG: userauth is OK
2017-08-10 17:00:36,453 paramiko.transport INFO: Authentication (publickey) failed.
2017-08-10 17:00:36,465 paramiko.transport DEBUG: userauth is OK
2017-08-10 17:00:36,476 paramiko.transport INFO: Authentication (password) successful!
2017-08-10 17:00:36,588 paramiko.transport DEBUG: Received global request "hostkeys-00@openssh.com"
2017-08-10 17:00:36,588 paramiko.transport DEBUG: Rejecting "hostkeys-00@openssh.com" global request from server.
2017-08-10 17:00:38,335 paramiko.transport DEBUG: [chan 0] EOF received (0)
2017-08-10 17:00:38,336 paramiko.transport DEBUG: [chan 1] Max packet in: 32768 bytes
2017-08-10 17:00:38,337 paramiko.transport DEBUG: [chan 0] EOF sent (0)
2017-08-10 17:00:38,337 paramiko.transport DEBUG: [chan 1] Max packet out: 32768 bytes
2017-08-10 17:00:38,337 paramiko.transport DEBUG: Secsh channel 1 opened.
2017-08-10 17:00:38,375 paramiko.transport DEBUG: [chan 1] Sesch channel 1 request ok
2017-08-10 17:00:38,385 paramiko.transport DEBUG: [chan 1] EOF received (1)
2017-08-10 17:00:38,386 paramiko.transport DEBUG: [chan 1] EOF sent (1)
2017-08-10 17:00:38,483 Host  DEBUG: host1: updated
2017-08-10 17:00:38,483 paramiko.transport DEBUG: [chan 0] Max packet in: 32768 bytes
2017-08-10 17:00:38,483 paramiko.transport DEBUG: [chan 0] Max packet out: 32768 bytes
2017-08-10 17:00:38,483 paramiko.transport DEBUG: Secsh channel 0 opened.
2017-08-10 17:00:38,485 paramiko.transport DEBUG: [chan 0] Sesch channel 0 request ok
2017-08-10 17:00:39,484 Controller DEBUG: Start sever_thread waiting requests for sources
2017-08-10 17:00:39,484 Controller DEBUG: Server loop running in threadThread-7
2017-08-10 17:00:39,484 Controller INFO: Controller is ready
2017-08-10 17:00:40,490 paramiko.transport DEBUG: [chan 0] EOF received (0)
2017-08-10 17:00:40,491 paramiko.transport DEBUG: [chan 1] Max packet in: 32768 bytes
2017-08-10 17:00:40,495 paramiko.transport DEBUG: [chan 0] EOF sent (0)
2017-08-10 17:00:40,530 paramiko.transport DEBUG: [chan 1] Max packet out: 32768 bytes
2017-08-10 17:00:40,532 paramiko.transport DEBUG: Secsh channel 1 opened.
2017-08-10 17:00:40,572 paramiko.transport DEBUG: [chan 1] Sesch channel 1 request ok
2017-08-10 17:00:40,643 paramiko.transport DEBUG: [chan 1] EOF received (1)
2017-08-10 17:00:40,682 paramiko.transport DEBUG: [chan 1] EOF sent (1)
2017-08-10 17:00:45,238 Controller DEBUG: recv() from 131.112.21.86
2017-08-10 17:00:45,242 paramiko.transport DEBUG: [chan 2] Max packet in: 32768 bytes
2017-08-10 17:00:45,266 paramiko.transport DEBUG: [chan 2] Max packet out: 32768 bytes
2017-08-10 17:00:45,266 paramiko.transport DEBUG: Secsh channel 2 opened.
2017-08-10 17:00:45,316 paramiko.transport DEBUG: [chan 2] Sesch channel 2 request ok
2017-08-10 17:00:46,455 paramiko.transport DEBUG: [chan 2] Max packet in: 32768 bytes
2017-08-10 17:00:46,454 paramiko.transport DEBUG: [chan 2] EOF received (2)
2017-08-10 17:00:46,455 paramiko.transport DEBUG: [chan 2] Max packet out: 32768 bytes
2017-08-10 17:00:46,455 paramiko.transport DEBUG: Secsh channel 2 opened.
2017-08-10 17:00:46,463 paramiko.transport DEBUG: [chan 2] Sesch channel 2 request ok
2017-08-10 17:00:46,464 paramiko.transport DEBUG: [chan 2] EOF sent (2)
2017-08-10 17:00:47,485 paramiko.transport DEBUG: [chan 2] EOF received (2)
2017-08-10 17:00:47,500 paramiko.transport DEBUG: [chan 2] EOF sent (2)
2017-08-10 17:00:49,035 Controller DEBUG: recv() from 131.112.21.86
2017-08-10 17:00:51,270 Controller DEBUG: recv() from 131.112.21.86
2017-08-10 17:00:53,087 Controller DEBUG: recv() from 131.112.21.86
2017-08-10 17:00:54,738 Controller DEBUG: recv() from 131.112.21.86
2017-08-10 17:00:56,550 Controller DEBUG: recv() from 131.112.21.86
2017-08-10 17:00:58,386 Host  DEBUG: host2: updated
2017-08-10 17:00:58,386 paramiko.transport DEBUG: [chan 3] Max packet in: 32768 bytes
2017-08-10 17:00:58,418 paramiko.transport DEBUG: [chan 3] Max packet out: 32768 bytes
2017-08-10 17:00:58,418 paramiko.transport DEBUG: Secsh channel 3 opened.
2017-08-10 17:00:58,451 paramiko.transport DEBUG: [chan 3] Sesch channel 3 request ok
2017-08-10 17:00:58,897 Controller DEBUG: recv() from 131.112.21.86
2017-08-10 17:01:00,494 paramiko.transport DEBUG: [chan 3] EOF received (3)
2017-08-10 17:01:00,494 paramiko.transport DEBUG: [chan 4] Max packet in: 32768 bytes
2017-08-10 17:01:00,495 Controller DEBUG: recv() from 131.112.21.86
2017-08-10 17:01:00,495 paramiko.transport DEBUG: [chan 3] EOF sent (3)
2017-08-10 17:01:00,495 paramiko.transport DEBUG: [chan 4] Max packet out: 32768 bytes
2017-08-10 17:01:00,495 paramiko.transport DEBUG: Secsh channel 4 opened.
2017-08-10 17:01:00,535 paramiko.transport DEBUG: [chan 4] Sesch channel 4 request ok
2017-08-10 17:01:00,643 Host  DEBUG: host1: updated
2017-08-10 17:01:00,644 paramiko.transport DEBUG: [chan 3] Max packet in: 32768 bytes
2017-08-10 17:01:00,644 paramiko.transport DEBUG: [chan 3] Max packet out: 32768 bytes
2017-08-10 17:01:00,644 paramiko.transport DEBUG: Secsh channel 3 opened.
2017-08-10 17:01:00,646 paramiko.transport DEBUG: [chan 3] Sesch channel 3 request ok
2017-08-10 17:01:01,537 paramiko.transport DEBUG: [chan 4] EOF received (4)
2017-08-10 17:01:01,538 paramiko.transport DEBUG: [chan 5] Max packet in: 32768 bytes
2017-08-10 17:01:01,538 paramiko.transport DEBUG: [chan 4] EOF sent (4)
2017-08-10 17:01:01,538 paramiko.transport DEBUG: [chan 5] Max packet out: 32768 bytes
2017-08-10 17:01:01,538 paramiko.transport DEBUG: Secsh channel 5 opened.
2017-08-10 17:01:01,575 paramiko.transport DEBUG: [chan 5] Sesch channel 5 request ok
2017-08-10 17:01:01,595 paramiko.transport DEBUG: [chan 5] EOF received (5)
2017-08-10 17:01:01,595 paramiko.transport DEBUG: [chan 5] EOF sent (5)
2017-08-10 17:01:02,128 Controller DEBUG: recv() from 131.112.21.86
2017-08-10 17:01:02,682 paramiko.transport DEBUG: [chan 3] EOF received (3)
2017-08-10 17:01:02,683 paramiko.transport DEBUG: [chan 3] EOF sent (3)
2017-08-10 17:01:02,683 paramiko.transport DEBUG: [chan 4] Max packet in: 32768 bytes
2017-08-10 17:01:02,722 paramiko.transport DEBUG: [chan 4] Max packet out: 32768 bytes
2017-08-10 17:01:02,723 paramiko.transport DEBUG: Secsh channel 4 opened.
2017-08-10 17:01:02,748 paramiko.transport DEBUG: [chan 4] Sesch channel 4 request ok
2017-08-10 17:01:03,764 paramiko.transport DEBUG: [chan 4] EOF received (4)
2017-08-10 17:01:03,764 paramiko.transport DEBUG: [chan 4] EOF sent (4)
2017-08-10 17:01:03,765 paramiko.transport DEBUG: [chan 5] Max packet in: 32768 bytes
2017-08-10 17:01:03,802 paramiko.transport DEBUG: [chan 5] Max packet out: 32768 bytes
2017-08-10 17:01:03,803 paramiko.transport DEBUG: Secsh channel 5 opened.
2017-08-10 17:01:03,829 paramiko.transport DEBUG: [chan 5] Sesch channel 5 request ok
2017-08-10 17:01:03,909 paramiko.transport DEBUG: [chan 5] EOF received (5)
2017-08-10 17:01:03,909 paramiko.transport DEBUG: [chan 5] EOF sent (5)
2017-08-10 17:01:04,767 Controller DEBUG: recv() from 131.112.21.86
2017-08-10 17:01:04,830 Controller INFO: Disconnecting host(s)...
2017-08-10 17:01:04,868 paramiko.transport DEBUG: EOF in transport thread
2017-08-10 17:01:04,897 Host  DEBUG: 131.112.21.80: closed
2017-08-10 17:01:05,012 paramiko.transport DEBUG: EOF in transport thread
2017-08-10 17:01:05,039 Host  DEBUG: 131.112.21.86: closed
2017-08-10 17:01:05,039 Controller DEBUG: Shut down a server
2017-08-10 17:01:05,268 Controller INFO: Exit
