2017-08-10 13:43:57,531 Controller INFO: load configuration...
2017-08-10 13:43:57,533 Controller INFO: Connecting host(s)...
2017-08-10 13:43:57,558 paramiko.transport DEBUG: starting thread (client mode): 0x41c8dd90L
2017-08-10 13:43:57,558 paramiko.transport DEBUG: Local version/idstring: SSH-2.0-paramiko_1.16.0
2017-08-10 13:43:57,591 paramiko.transport DEBUG: Remote version/idstring: SSH-2.0-OpenSSH_6.6p1 Ubuntu-2ubuntu1
2017-08-10 13:43:57,591 paramiko.transport INFO: Connected (version 2.0, client OpenSSH_6.6p1)
2017-08-10 13:43:57,592 paramiko.transport DEBUG: kex algos:[u'curve25519-sha256@libssh.org', u'ecdh-sha2-nistp256', u'ecdh-sha2-nistp384', u'ecdh-sha2-nistp521', u'diffie-hellman-group-exchange-sha256', u'diffie-hellman-group-exchange-sha1', u'diffie-hellman-group14-sha1', u'diffie-hellman-group1-sha1'] server key:[u'ssh-rsa', u'ssh-dss', u'ecdsa-sha2-nistp256', u'ssh-ed25519'] client encrypt:[u'aes128-ctr', u'aes192-ctr', u'aes256-ctr', u'arcfour256', u'arcfour128', u'aes128-gcm@openssh.com', u'aes256-gcm@openssh.com', u'chacha20-poly1305@openssh.com', u'aes128-cbc', u'3des-cbc', u'blowfish-cbc', u'cast128-cbc', u'aes192-cbc', u'aes256-cbc', u'arcfour', u'rijndael-cbc@lysator.liu.se'] server encrypt:[u'aes128-ctr', u'aes192-ctr', u'aes256-ctr', u'arcfour256', u'arcfour128', u'aes128-gcm@openssh.com', u'aes256-gcm@openssh.com', u'chacha20-poly1305@openssh.com', u'aes128-cbc', u'3des-cbc', u'blowfish-cbc', u'cast128-cbc', u'aes192-cbc', u'aes256-cbc', u'arcfour', u'rijndael-cbc@lysator.liu.se'] client mac:[u'hmac-md5-etm@openssh.com', u'hmac-sha1-etm@openssh.com', u'umac-64-etm@openssh.com', u'umac-128-etm@openssh.com', u'hmac-sha2-256-etm@openssh.com', u'hmac-sha2-512-etm@openssh.com', u'hmac-ripemd160-etm@openssh.com', u'hmac-sha1-96-etm@openssh.com', u'hmac-md5-96-etm@openssh.com', u'hmac-md5', u'hmac-sha1', u'umac-64@openssh.com', u'umac-128@openssh.com', u'hmac-sha2-256', u'hmac-sha2-512', u'hmac-ripemd160', u'hmac-ripemd160@openssh.com', u'hmac-sha1-96', u'hmac-md5-96'] server mac:[u'hmac-md5-etm@openssh.com', u'hmac-sha1-etm@openssh.com', u'umac-64-etm@openssh.com', u'umac-128-etm@openssh.com', u'hmac-sha2-256-etm@openssh.com', u'hmac-sha2-512-etm@openssh.com', u'hmac-ripemd160-etm@openssh.com', u'hmac-sha1-96-etm@openssh.com', u'hmac-md5-96-etm@openssh.com', u'hmac-md5', u'hmac-sha1', u'umac-64@openssh.com', u'umac-128@openssh.com', u'hmac-sha2-256', u'hmac-sha2-512', u'hmac-ripemd160', u'hmac-ripemd160@openssh.com', u'hmac-sha1-96', u'hmac-md5-96'] client compress:[u'none', u'zlib@openssh.com'] server compress:[u'none', u'zlib@openssh.com'] client lang:[u''] server lang:[u''] kex follows?False
2017-08-10 13:43:57,592 paramiko.transport DEBUG: Kex agreed: diffie-hellman-group1-sha1
2017-08-10 13:43:57,593 paramiko.transport DEBUG: Cipher agreed: aes128-ctr
2017-08-10 13:43:57,593 paramiko.transport DEBUG: MAC agreed: hmac-sha2-256
2017-08-10 13:43:57,593 paramiko.transport DEBUG: Compression agreed: none
2017-08-10 13:43:57,652 paramiko.transport DEBUG: kex engine KexGroup1 specified hash_algo <built-in function openssl_sha1>
2017-08-10 13:43:57,672 paramiko.transport DEBUG: Switch to new keys ...
2017-08-10 13:43:57,675 paramiko.transport DEBUG: Adding ssh-rsa host key for 131.112.21.80: 8a7a571eab8057b78830e2152fb83e45
2017-08-10 13:43:57,696 paramiko.transport DEBUG: Trying SSH agent key 78176c286d2d7a7b835bccf21c0b78c1
2017-08-10 13:43:57,697 paramiko.transport DEBUG: userauth is OK
2017-08-10 13:43:57,754 paramiko.transport INFO: Authentication (publickey) failed.
2017-08-10 13:43:57,775 paramiko.transport DEBUG: userauth is OK
2017-08-10 13:43:57,812 paramiko.transport INFO: Authentication (password) successful!
2017-08-10 13:43:59,863 Host  DEBUG: host2: updated
2017-08-10 13:43:59,864 paramiko.transport DEBUG: [chan 0] Max packet in: 32768 bytes
2017-08-10 13:43:59,870 paramiko.transport DEBUG: starting thread (client mode): 0x41c2b810L
2017-08-10 13:43:59,871 paramiko.transport DEBUG: [chan 0] Max packet out: 32768 bytes
2017-08-10 13:43:59,871 paramiko.transport DEBUG: Local version/idstring: SSH-2.0-paramiko_1.16.0
2017-08-10 13:43:59,871 paramiko.transport DEBUG: Secsh channel 0 opened.
2017-08-10 13:43:59,874 paramiko.transport DEBUG: [chan 0] Sesch channel 0 request ok
2017-08-10 13:44:00,063 paramiko.transport DEBUG: Remote version/idstring: SSH-2.0-OpenSSH_7.2p2 Ubuntu-4ubuntu2.2
2017-08-10 13:44:00,063 paramiko.transport INFO: Connected (version 2.0, client OpenSSH_7.2p2)
2017-08-10 13:44:00,064 paramiko.transport DEBUG: kex algos:[u'diffie-hellman-group-exchange-sha256', u'diffie-hellman-group14-sha1', u'diffie-hellman-group-exchange-sha1'] server key:[u'ssh-rsa', u'rsa-sha2-512', u'rsa-sha2-256', u'ecdsa-sha2-nistp256', u'ssh-ed25519'] client encrypt:[u'aes256-gcm@openssh.com', u'aes128-gcm@openssh.com', u'aes256-ctr', u'aes128-ctr'] server encrypt:[u'aes256-gcm@openssh.com', u'aes128-gcm@openssh.com', u'aes256-ctr', u'aes128-ctr'] client mac:[u'hmac-sha2-512-etm@openssh.com', u'hmac-sha2-256-etm@openssh.com', u'umac-128-etm@openssh.com', u'hmac-sha2-512', u'hmac-sha2-256', u'hmac-ripemd160', u'hmac-sha1'] server mac:[u'hmac-sha2-512-etm@openssh.com', u'hmac-sha2-256-etm@openssh.com', u'umac-128-etm@openssh.com', u'hmac-sha2-512', u'hmac-sha2-256', u'hmac-ripemd160', u'hmac-sha1'] client compress:[u'none', u'zlib@openssh.com'] server compress:[u'none', u'zlib@openssh.com'] client lang:[u''] server lang:[u''] kex follows?False
2017-08-10 13:44:00,064 paramiko.transport DEBUG: Kex agreed: diffie-hellman-group14-sha1
2017-08-10 13:44:00,065 paramiko.transport DEBUG: Cipher agreed: aes128-ctr
2017-08-10 13:44:00,065 paramiko.transport DEBUG: MAC agreed: hmac-sha2-256
2017-08-10 13:44:00,065 paramiko.transport DEBUG: Compression agreed: none
2017-08-10 13:44:00,113 paramiko.transport DEBUG: kex engine KexGroup14 specified hash_algo <built-in function openssl_sha1>
2017-08-10 13:44:00,113 paramiko.transport DEBUG: Switch to new keys ...
2017-08-10 13:44:00,117 paramiko.transport DEBUG: Adding ssh-rsa host key for 131.112.21.86: c048d6b6f26de21fbae17e1c16959a60
2017-08-10 13:44:00,118 paramiko.transport DEBUG: Trying SSH agent key 78176c286d2d7a7b835bccf21c0b78c1
2017-08-10 13:44:00,151 paramiko.transport DEBUG: userauth is OK
2017-08-10 13:44:00,207 paramiko.transport INFO: Authentication (publickey) failed.
2017-08-10 13:44:00,220 paramiko.transport DEBUG: userauth is OK
2017-08-10 13:44:00,233 paramiko.transport INFO: Authentication (password) successful!
2017-08-10 13:44:01,228 paramiko.transport DEBUG: Received global request "hostkeys-00@openssh.com"
2017-08-10 13:44:01,228 paramiko.transport DEBUG: Rejecting "hostkeys-00@openssh.com" global request from server.
2017-08-10 13:44:01,979 paramiko.transport DEBUG: [chan 0] EOF received (0)
2017-08-10 13:44:01,980 paramiko.transport DEBUG: [chan 1] Max packet in: 32768 bytes
2017-08-10 13:44:01,981 paramiko.transport DEBUG: [chan 0] EOF sent (0)
2017-08-10 13:44:01,982 paramiko.transport DEBUG: [chan 1] Max packet out: 32768 bytes
2017-08-10 13:44:01,982 paramiko.transport DEBUG: Secsh channel 1 opened.
2017-08-10 13:44:02,023 paramiko.transport DEBUG: [chan 1] Sesch channel 1 request ok
2017-08-10 13:44:02,051 paramiko.transport DEBUG: [chan 1] EOF received (1)
2017-08-10 13:44:02,052 paramiko.transport DEBUG: [chan 1] EOF sent (1)
2017-08-10 13:44:02,239 Host  DEBUG: host1: updated
2017-08-10 13:44:02,240 paramiko.transport DEBUG: [chan 0] Max packet in: 32768 bytes
2017-08-10 13:44:02,240 paramiko.transport DEBUG: [chan 0] Max packet out: 32768 bytes
2017-08-10 13:44:02,240 paramiko.transport DEBUG: Secsh channel 0 opened.
2017-08-10 13:44:02,242 paramiko.transport DEBUG: [chan 0] Sesch channel 0 request ok
2017-08-10 13:44:03,240 Controller DEBUG: Start sever_thread waiting requests for sources
2017-08-10 13:44:03,241 Controller DEBUG: Server loop running in threadThread-7
2017-08-10 13:44:03,241 Controller INFO: Controller is ready
2017-08-10 13:44:04,282 paramiko.transport DEBUG: [chan 0] EOF received (0)
2017-08-10 13:44:04,284 paramiko.transport DEBUG: [chan 1] Max packet in: 32768 bytes
2017-08-10 13:44:04,289 paramiko.transport DEBUG: [chan 0] EOF sent (0)
2017-08-10 13:44:04,306 paramiko.transport DEBUG: [chan 1] Max packet out: 32768 bytes
2017-08-10 13:44:04,311 paramiko.transport DEBUG: Secsh channel 1 opened.
2017-08-10 13:44:04,332 paramiko.transport DEBUG: [chan 1] Sesch channel 1 request ok
2017-08-10 13:44:04,371 paramiko.transport DEBUG: [chan 1] EOF received (1)
2017-08-10 13:44:04,373 paramiko.transport DEBUG: [chan 1] EOF sent (1)
2017-08-10 13:44:12,958 Controller DEBUG: recv() from 131.112.21.86
2017-08-10 13:44:12,958 Controller DEBUG: recv() from 131.112.21.86
2017-08-10 13:44:12,958 paramiko.transport DEBUG: [chan 2] Max packet in: 32768 bytes
2017-08-10 13:44:12,964 paramiko.transport DEBUG: [chan 3] Max packet in: 32768 bytes
2017-08-10 13:44:12,965 paramiko.transport DEBUG: [chan 2] Max packet out: 32768 bytes
2017-08-10 13:44:12,965 paramiko.transport DEBUG: Secsh channel 2 opened.
2017-08-10 13:44:12,971 paramiko.transport DEBUG: [chan 3] Max packet out: 32768 bytes
2017-08-10 13:44:12,971 paramiko.transport DEBUG: Secsh channel 3 opened.
2017-08-10 13:44:12,971 paramiko.transport DEBUG: [chan 2] Sesch channel 2 request ok
2017-08-10 13:44:12,978 paramiko.transport DEBUG: [chan 3] Sesch channel 3 request ok
2017-08-10 13:44:14,010 paramiko.transport DEBUG: [chan 2] EOF received (2)
2017-08-10 13:44:14,011 paramiko.transport DEBUG: [chan 2] Max packet in: 32768 bytes
2017-08-10 13:44:14,014 paramiko.transport DEBUG: [chan 2] EOF sent (2)
2017-08-10 13:44:14,014 paramiko.transport DEBUG: [chan 2] Max packet out: 32768 bytes
2017-08-10 13:44:14,014 paramiko.transport DEBUG: Secsh channel 2 opened.
2017-08-10 13:44:14,022 paramiko.transport DEBUG: [chan 2] Sesch channel 2 request ok
2017-08-10 13:44:14,033 paramiko.transport DEBUG: [chan 3] EOF received (3)
2017-08-10 13:44:14,034 paramiko.transport DEBUG: [chan 3] Max packet in: 32768 bytes
2017-08-10 13:44:14,036 paramiko.transport DEBUG: [chan 3] EOF sent (3)
2017-08-10 13:44:14,038 paramiko.transport DEBUG: [chan 3] Max packet out: 32768 bytes
2017-08-10 13:44:14,040 paramiko.transport DEBUG: Secsh channel 3 opened.
2017-08-10 13:44:14,083 paramiko.transport DEBUG: [chan 3] Sesch channel 3 request ok
2017-08-10 13:44:14,956 Controller DEBUG: recv() from 131.112.21.86
2017-08-10 13:44:14,958 paramiko.transport DEBUG: [chan 4] Max packet in: 32768 bytes
2017-08-10 13:44:14,959 paramiko.transport DEBUG: [chan 4] Max packet out: 32768 bytes
2017-08-10 13:44:14,959 paramiko.transport DEBUG: Secsh channel 4 opened.
2017-08-10 13:44:14,976 paramiko.transport DEBUG: [chan 4] Sesch channel 4 request ok
2017-08-10 13:44:15,045 paramiko.transport DEBUG: [chan 2] EOF received (2)
2017-08-10 13:44:15,050 paramiko.transport DEBUG: [chan 2] EOF sent (2)
2017-08-10 13:44:15,070 paramiko.transport DEBUG: [chan 3] EOF received (3)
2017-08-10 13:44:15,073 paramiko.transport DEBUG: [chan 3] EOF sent (3)
2017-08-10 13:44:15,999 paramiko.transport DEBUG: [chan 4] EOF received (4)
2017-08-10 13:44:16,003 paramiko.transport DEBUG: [chan 4] EOF sent (4)
2017-08-10 13:44:19,735 Controller INFO: Disconnecting host(s)...
2017-08-10 13:44:19,819 paramiko.transport DEBUG: EOF in transport thread
2017-08-10 13:44:19,835 Host  DEBUG: 131.112.21.80: closed
2017-08-10 13:44:19,960 paramiko.transport DEBUG: EOF in transport thread
2017-08-10 13:44:20,000 Host  DEBUG: 131.112.21.86: closed
2017-08-10 13:44:20,000 Controller DEBUG: Shut down a server
2017-08-10 13:44:20,476 Controller INFO: Exit
