2017-08-10 16:52:31,796 Controller INFO: load configuration...
2017-08-10 16:52:31,798 Controller INFO: Connecting host(s)...
2017-08-10 16:52:31,805 paramiko.transport DEBUG: starting thread (client mode): 0x4c811e10L
2017-08-10 16:52:31,805 paramiko.transport DEBUG: Local version/idstring: SSH-2.0-paramiko_1.16.0
2017-08-10 16:52:31,814 paramiko.transport DEBUG: Remote version/idstring: SSH-2.0-OpenSSH_6.6p1 Ubuntu-2ubuntu1
2017-08-10 16:52:31,814 paramiko.transport INFO: Connected (version 2.0, client OpenSSH_6.6p1)
2017-08-10 16:52:31,815 paramiko.transport DEBUG: kex algos:[u'curve25519-sha256@libssh.org', u'ecdh-sha2-nistp256', u'ecdh-sha2-nistp384', u'ecdh-sha2-nistp521', u'diffie-hellman-group-exchange-sha256', u'diffie-hellman-group-exchange-sha1', u'diffie-hellman-group14-sha1', u'diffie-hellman-group1-sha1'] server key:[u'ssh-rsa', u'ssh-dss', u'ecdsa-sha2-nistp256', u'ssh-ed25519'] client encrypt:[u'aes128-ctr', u'aes192-ctr', u'aes256-ctr', u'arcfour256', u'arcfour128', u'aes128-gcm@openssh.com', u'aes256-gcm@openssh.com', u'chacha20-poly1305@openssh.com', u'aes128-cbc', u'3des-cbc', u'blowfish-cbc', u'cast128-cbc', u'aes192-cbc', u'aes256-cbc', u'arcfour', u'rijndael-cbc@lysator.liu.se'] server encrypt:[u'aes128-ctr', u'aes192-ctr', u'aes256-ctr', u'arcfour256', u'arcfour128', u'aes128-gcm@openssh.com', u'aes256-gcm@openssh.com', u'chacha20-poly1305@openssh.com', u'aes128-cbc', u'3des-cbc', u'blowfish-cbc', u'cast128-cbc', u'aes192-cbc', u'aes256-cbc', u'arcfour', u'rijndael-cbc@lysator.liu.se'] client mac:[u'hmac-md5-etm@openssh.com', u'hmac-sha1-etm@openssh.com', u'umac-64-etm@openssh.com', u'umac-128-etm@openssh.com', u'hmac-sha2-256-etm@openssh.com', u'hmac-sha2-512-etm@openssh.com', u'hmac-ripemd160-etm@openssh.com', u'hmac-sha1-96-etm@openssh.com', u'hmac-md5-96-etm@openssh.com', u'hmac-md5', u'hmac-sha1', u'umac-64@openssh.com', u'umac-128@openssh.com', u'hmac-sha2-256', u'hmac-sha2-512', u'hmac-ripemd160', u'hmac-ripemd160@openssh.com', u'hmac-sha1-96', u'hmac-md5-96'] server mac:[u'hmac-md5-etm@openssh.com', u'hmac-sha1-etm@openssh.com', u'umac-64-etm@openssh.com', u'umac-128-etm@openssh.com', u'hmac-sha2-256-etm@openssh.com', u'hmac-sha2-512-etm@openssh.com', u'hmac-ripemd160-etm@openssh.com', u'hmac-sha1-96-etm@openssh.com', u'hmac-md5-96-etm@openssh.com', u'hmac-md5', u'hmac-sha1', u'umac-64@openssh.com', u'umac-128@openssh.com', u'hmac-sha2-256', u'hmac-sha2-512', u'hmac-ripemd160', u'hmac-ripemd160@openssh.com', u'hmac-sha1-96', u'hmac-md5-96'] client compress:[u'none', u'zlib@openssh.com'] server compress:[u'none', u'zlib@openssh.com'] client lang:[u''] server lang:[u''] kex follows?False
2017-08-10 16:52:31,815 paramiko.transport DEBUG: Kex agreed: diffie-hellman-group1-sha1
2017-08-10 16:52:31,815 paramiko.transport DEBUG: Cipher agreed: aes128-ctr
2017-08-10 16:52:31,816 paramiko.transport DEBUG: MAC agreed: hmac-sha2-256
2017-08-10 16:52:31,816 paramiko.transport DEBUG: Compression agreed: none
2017-08-10 16:52:31,873 paramiko.transport DEBUG: kex engine KexGroup1 specified hash_algo <built-in function openssl_sha1>
2017-08-10 16:52:31,874 paramiko.transport DEBUG: Switch to new keys ...
2017-08-10 16:52:31,906 paramiko.transport DEBUG: Adding ssh-rsa host key for 131.112.21.80: 8a7a571eab8057b78830e2152fb83e45
2017-08-10 16:52:31,907 paramiko.transport DEBUG: Trying SSH agent key 78176c286d2d7a7b835bccf21c0b78c1
2017-08-10 16:52:31,912 paramiko.transport DEBUG: userauth is OK
2017-08-10 16:52:31,924 paramiko.transport INFO: Authentication (publickey) failed.
2017-08-10 16:52:31,939 paramiko.transport DEBUG: userauth is OK
2017-08-10 16:52:31,981 paramiko.transport INFO: Authentication (password) successful!
2017-08-10 16:52:34,007 Host  DEBUG: host2: updated
2017-08-10 16:52:34,012 paramiko.transport DEBUG: [chan 0] Max packet in: 32768 bytes
2017-08-10 16:52:34,019 paramiko.transport DEBUG: [chan 0] Max packet out: 32768 bytes
2017-08-10 16:52:34,019 paramiko.transport DEBUG: Secsh channel 0 opened.
2017-08-10 16:52:34,020 paramiko.transport DEBUG: starting thread (client mode): 0x4c7b1890L
2017-08-10 16:52:34,021 paramiko.transport DEBUG: Local version/idstring: SSH-2.0-paramiko_1.16.0
2017-08-10 16:52:34,021 paramiko.transport DEBUG: Remote version/idstring: SSH-2.0-OpenSSH_7.2p2 Ubuntu-4ubuntu2.2
2017-08-10 16:52:34,022 paramiko.transport INFO: Connected (version 2.0, client OpenSSH_7.2p2)
2017-08-10 16:52:34,024 paramiko.transport DEBUG: kex algos:[u'diffie-hellman-group-exchange-sha256', u'diffie-hellman-group14-sha1', u'diffie-hellman-group-exchange-sha1'] server key:[u'ssh-rsa', u'rsa-sha2-512', u'rsa-sha2-256', u'ecdsa-sha2-nistp256', u'ssh-ed25519'] client encrypt:[u'aes256-gcm@openssh.com', u'aes128-gcm@openssh.com', u'aes256-ctr', u'aes128-ctr'] server encrypt:[u'aes256-gcm@openssh.com', u'aes128-gcm@openssh.com', u'aes256-ctr', u'aes128-ctr'] client mac:[u'hmac-sha2-512-etm@openssh.com', u'hmac-sha2-256-etm@openssh.com', u'umac-128-etm@openssh.com', u'hmac-sha2-512', u'hmac-sha2-256', u'hmac-ripemd160', u'hmac-sha1'] server mac:[u'hmac-sha2-512-etm@openssh.com', u'hmac-sha2-256-etm@openssh.com', u'umac-128-etm@openssh.com', u'hmac-sha2-512', u'hmac-sha2-256', u'hmac-ripemd160', u'hmac-sha1'] client compress:[u'none', u'zlib@openssh.com'] server compress:[u'none', u'zlib@openssh.com'] client lang:[u''] server lang:[u''] kex follows?False
2017-08-10 16:52:34,025 paramiko.transport DEBUG: Kex agreed: diffie-hellman-group14-sha1
2017-08-10 16:52:34,025 paramiko.transport DEBUG: [chan 0] Sesch channel 0 request ok
2017-08-10 16:52:34,025 paramiko.transport DEBUG: Cipher agreed: aes128-ctr
2017-08-10 16:52:34,025 paramiko.transport DEBUG: MAC agreed: hmac-sha2-256
2017-08-10 16:52:34,025 paramiko.transport DEBUG: Compression agreed: none
2017-08-10 16:52:34,089 paramiko.transport DEBUG: kex engine KexGroup14 specified hash_algo <built-in function openssl_sha1>
2017-08-10 16:52:34,090 paramiko.transport DEBUG: Switch to new keys ...
2017-08-10 16:52:34,121 paramiko.transport DEBUG: Adding ssh-rsa host key for 131.112.21.86: c048d6b6f26de21fbae17e1c16959a60
2017-08-10 16:52:34,122 paramiko.transport DEBUG: Trying SSH agent key 78176c286d2d7a7b835bccf21c0b78c1
2017-08-10 16:52:34,126 paramiko.transport DEBUG: userauth is OK
2017-08-10 16:52:34,138 paramiko.transport INFO: Authentication (publickey) failed.
2017-08-10 16:52:34,138 paramiko.transport DEBUG: userauth is OK
2017-08-10 16:52:34,149 paramiko.transport INFO: Authentication (password) successful!
2017-08-10 16:52:34,258 paramiko.transport DEBUG: Received global request "hostkeys-00@openssh.com"
2017-08-10 16:52:34,258 paramiko.transport DEBUG: Rejecting "hostkeys-00@openssh.com" global request from server.
2017-08-10 16:52:36,028 paramiko.transport DEBUG: [chan 0] EOF received (0)
2017-08-10 16:52:36,028 paramiko.transport DEBUG: [chan 0] EOF sent (0)
2017-08-10 16:52:36,029 paramiko.transport DEBUG: [chan 1] Max packet in: 32768 bytes
2017-08-10 16:52:36,070 paramiko.transport DEBUG: [chan 1] Max packet out: 32768 bytes
2017-08-10 16:52:36,070 paramiko.transport DEBUG: Secsh channel 1 opened.
2017-08-10 16:52:36,095 paramiko.transport DEBUG: [chan 1] Sesch channel 1 request ok
2017-08-10 16:52:36,113 paramiko.transport DEBUG: [chan 1] EOF received (1)
2017-08-10 16:52:36,113 paramiko.transport DEBUG: [chan 1] EOF sent (1)
2017-08-10 16:52:36,170 Host  DEBUG: host1: updated
2017-08-10 16:52:36,171 paramiko.transport DEBUG: [chan 0] Max packet in: 32768 bytes
2017-08-10 16:52:36,171 paramiko.transport DEBUG: [chan 0] Max packet out: 32768 bytes
2017-08-10 16:52:36,171 paramiko.transport DEBUG: Secsh channel 0 opened.
2017-08-10 16:52:36,172 paramiko.transport DEBUG: [chan 0] Sesch channel 0 request ok
2017-08-10 16:52:37,171 Controller DEBUG: Start sever_thread waiting requests for sources
2017-08-10 16:52:37,172 Controller DEBUG: Server loop running in threadThread-7
2017-08-10 16:52:37,172 Controller INFO: Controller is ready
2017-08-10 16:52:38,210 paramiko.transport DEBUG: [chan 0] EOF received (0)
2017-08-10 16:52:38,210 paramiko.transport DEBUG: [chan 0] EOF sent (0)
2017-08-10 16:52:38,211 paramiko.transport DEBUG: [chan 1] Max packet in: 32768 bytes
2017-08-10 16:52:38,260 paramiko.transport DEBUG: [chan 1] Max packet out: 32768 bytes
2017-08-10 16:52:38,269 paramiko.transport DEBUG: Secsh channel 1 opened.
2017-08-10 16:52:38,335 paramiko.transport DEBUG: [chan 1] Sesch channel 1 request ok
2017-08-10 16:52:38,383 paramiko.transport DEBUG: [chan 1] EOF received (1)
2017-08-10 16:52:38,383 paramiko.transport DEBUG: [chan 1] EOF sent (1)
2017-08-10 16:52:56,114 Host  DEBUG: host2: updated
2017-08-10 16:52:56,118 paramiko.transport DEBUG: [chan 2] Max packet in: 32768 bytes
2017-08-10 16:52:56,174 paramiko.transport DEBUG: [chan 2] Max packet out: 32768 bytes
2017-08-10 16:52:56,174 paramiko.transport DEBUG: Secsh channel 2 opened.
2017-08-10 16:52:56,218 paramiko.transport DEBUG: [chan 2] Sesch channel 2 request ok
2017-08-10 16:52:58,291 paramiko.transport DEBUG: [chan 3] Max packet in: 32768 bytes
2017-08-10 16:52:58,290 paramiko.transport DEBUG: [chan 2] EOF received (2)
2017-08-10 16:52:58,337 paramiko.transport DEBUG: [chan 2] EOF sent (2)
2017-08-10 16:52:58,341 paramiko.transport DEBUG: [chan 3] Max packet out: 32768 bytes
2017-08-10 16:52:58,342 paramiko.transport DEBUG: Secsh channel 3 opened.
2017-08-10 16:52:58,384 Host  DEBUG: host1: updated
2017-08-10 16:52:58,384 paramiko.transport DEBUG: [chan 2] Max packet in: 32768 bytes
2017-08-10 16:52:58,385 paramiko.transport DEBUG: [chan 2] Max packet out: 32768 bytes
2017-08-10 16:52:58,385 paramiko.transport DEBUG: [chan 3] Sesch channel 3 request ok
2017-08-10 16:52:58,385 paramiko.transport DEBUG: Secsh channel 2 opened.
2017-08-10 16:52:58,389 paramiko.transport DEBUG: [chan 2] Sesch channel 2 request ok
2017-08-10 16:52:58,459 paramiko.transport DEBUG: [chan 3] EOF received (3)
2017-08-10 16:52:58,525 paramiko.transport DEBUG: [chan 3] EOF sent (3)
2017-08-10 16:53:00,450 paramiko.transport DEBUG: [chan 2] EOF received (2)
2017-08-10 16:53:00,451 paramiko.transport DEBUG: [chan 3] Max packet in: 32768 bytes
2017-08-10 16:53:00,464 paramiko.transport DEBUG: [chan 2] EOF sent (2)
2017-08-10 16:53:00,550 paramiko.transport DEBUG: [chan 3] Max packet out: 32768 bytes
2017-08-10 16:53:00,557 paramiko.transport DEBUG: Secsh channel 3 opened.
2017-08-10 16:53:00,681 paramiko.transport DEBUG: [chan 3] Sesch channel 3 request ok
2017-08-10 16:53:00,834 paramiko.transport DEBUG: [chan 3] EOF received (3)
2017-08-10 16:53:00,934 paramiko.transport DEBUG: [chan 3] EOF sent (3)
2017-08-10 16:53:18,459 Host  DEBUG: host2: updated
2017-08-10 16:53:18,466 paramiko.transport DEBUG: [chan 4] Max packet in: 32768 bytes
2017-08-10 16:53:18,488 paramiko.transport DEBUG: [chan 4] Max packet out: 32768 bytes
2017-08-10 16:53:18,490 paramiko.transport DEBUG: Secsh channel 4 opened.
2017-08-10 16:53:18,607 paramiko.transport DEBUG: [chan 4] Sesch channel 4 request ok
2017-08-10 16:53:20,630 paramiko.transport DEBUG: [chan 5] Max packet in: 32768 bytes
2017-08-10 16:53:20,631 paramiko.transport DEBUG: [chan 4] EOF received (4)
2017-08-10 16:53:20,631 paramiko.transport DEBUG: [chan 4] EOF sent (4)
2017-08-10 16:53:20,632 paramiko.transport DEBUG: [chan 5] Max packet out: 32768 bytes
2017-08-10 16:53:20,632 paramiko.transport DEBUG: Secsh channel 5 opened.
2017-08-10 16:53:20,679 paramiko.transport DEBUG: [chan 5] Sesch channel 5 request ok
2017-08-10 16:53:20,689 paramiko.transport DEBUG: [chan 5] EOF received (5)
2017-08-10 16:53:20,689 paramiko.transport DEBUG: [chan 5] EOF sent (5)
2017-08-10 16:53:20,834 Host  DEBUG: host1: updated
2017-08-10 16:53:20,835 paramiko.transport DEBUG: [chan 4] Max packet in: 32768 bytes
2017-08-10 16:53:20,835 paramiko.transport DEBUG: [chan 4] Max packet out: 32768 bytes
2017-08-10 16:53:20,835 paramiko.transport DEBUG: Secsh channel 4 opened.
2017-08-10 16:53:20,837 paramiko.transport DEBUG: [chan 4] Sesch channel 4 request ok
2017-08-10 16:53:22,851 paramiko.transport DEBUG: [chan 4] EOF received (4)
2017-08-10 16:53:22,852 paramiko.transport DEBUG: [chan 4] EOF sent (4)
2017-08-10 16:53:22,852 paramiko.transport DEBUG: [chan 5] Max packet in: 32768 bytes
2017-08-10 16:53:22,890 paramiko.transport DEBUG: [chan 5] Max packet out: 32768 bytes
2017-08-10 16:53:22,891 paramiko.transport DEBUG: Secsh channel 5 opened.
2017-08-10 16:53:22,917 paramiko.transport DEBUG: [chan 5] Sesch channel 5 request ok
2017-08-10 16:53:22,954 paramiko.transport DEBUG: [chan 5] EOF received (5)
2017-08-10 16:53:22,968 paramiko.transport DEBUG: [chan 5] EOF sent (5)
2017-08-10 16:53:39,844 Controller ERROR: Request error: invalid literal for int() with base 10: '2 192'
2017-08-10 16:53:40,689 Host  DEBUG: host2: updated
2017-08-10 16:53:40,690 paramiko.transport DEBUG: [chan 6] Max packet in: 32768 bytes
2017-08-10 16:53:40,728 paramiko.transport DEBUG: [chan 6] Max packet out: 32768 bytes
2017-08-10 16:53:40,729 paramiko.transport DEBUG: Secsh channel 6 opened.
2017-08-10 16:53:40,758 paramiko.transport DEBUG: [chan 6] Sesch channel 6 request ok
2017-08-10 16:53:41,598 Controller ERROR: Request error: invalid literal for int() with base 10: '2 192'
2017-08-10 16:53:42,778 paramiko.transport DEBUG: [chan 6] EOF received (6)
2017-08-10 16:53:42,779 paramiko.transport DEBUG: [chan 6] EOF sent (6)
2017-08-10 16:53:42,779 paramiko.transport DEBUG: [chan 7] Max packet in: 32768 bytes
2017-08-10 16:53:42,817 paramiko.transport DEBUG: [chan 7] Max packet out: 32768 bytes
2017-08-10 16:53:42,817 paramiko.transport DEBUG: Secsh channel 7 opened.
2017-08-10 16:53:42,911 paramiko.transport DEBUG: [chan 7] Sesch channel 7 request ok
2017-08-10 16:53:42,913 paramiko.transport DEBUG: [chan 7] EOF received (7)
2017-08-10 16:53:42,913 paramiko.transport DEBUG: [chan 7] EOF sent (7)
2017-08-10 16:53:42,960 Host  DEBUG: host1: updated
2017-08-10 16:53:42,960 paramiko.transport DEBUG: [chan 6] Max packet in: 32768 bytes
2017-08-10 16:53:42,961 paramiko.transport DEBUG: [chan 6] Max packet out: 32768 bytes
2017-08-10 16:53:42,961 paramiko.transport DEBUG: Secsh channel 6 opened.
2017-08-10 16:53:42,962 paramiko.transport DEBUG: [chan 6] Sesch channel 6 request ok
2017-08-10 16:53:43,528 Controller ERROR: Request error: invalid literal for int() with base 10: '2 192'
2017-08-10 16:53:44,975 paramiko.transport DEBUG: [chan 6] EOF received (6)
2017-08-10 16:53:44,976 paramiko.transport DEBUG: [chan 6] EOF sent (6)
2017-08-10 16:53:44,976 paramiko.transport DEBUG: [chan 7] Max packet in: 32768 bytes
2017-08-10 16:53:45,014 paramiko.transport DEBUG: [chan 7] Max packet out: 32768 bytes
2017-08-10 16:53:45,015 paramiko.transport DEBUG: Secsh channel 7 opened.
2017-08-10 16:53:45,041 paramiko.transport DEBUG: [chan 7] Sesch channel 7 request ok
2017-08-10 16:53:45,115 paramiko.transport DEBUG: [chan 7] EOF received (7)
2017-08-10 16:53:45,115 paramiko.transport DEBUG: [chan 7] EOF sent (7)
2017-08-10 16:53:45,356 Controller ERROR: Request error: invalid literal for int() with base 10: '2 192'
2017-08-10 16:53:47,537 Controller ERROR: Request error: invalid literal for int() with base 10: '2 192'
2017-08-10 16:53:49,262 Controller ERROR: Request error: invalid literal for int() with base 10: '2 192'
2017-08-10 16:53:51,949 Controller ERROR: Request error: invalid literal for int() with base 10: '2 192'
2017-08-10 16:53:53,748 Controller ERROR: Request error: invalid literal for int() with base 10: '2 192'
2017-08-10 16:53:55,388 Controller ERROR: Request error: invalid literal for int() with base 10: '2 192'
2017-08-10 16:53:57,470 Controller ERROR: Request error: invalid literal for int() with base 10: '2 192'
2017-08-10 16:54:02,913 Host  DEBUG: host2: updated
2017-08-10 16:54:02,914 paramiko.transport DEBUG: [chan 8] Max packet in: 32768 bytes
2017-08-10 16:54:02,914 paramiko.transport DEBUG: [chan 8] Max packet out: 32768 bytes
2017-08-10 16:54:02,915 paramiko.transport DEBUG: Secsh channel 8 opened.
2017-08-10 16:54:02,977 paramiko.transport DEBUG: [chan 8] Sesch channel 8 request ok
2017-08-10 16:54:04,952 paramiko.transport DEBUG: [chan 8] EOF received (8)
2017-08-10 16:54:04,962 paramiko.transport DEBUG: [chan 9] Max packet in: 32768 bytes
2017-08-10 16:54:05,028 paramiko.transport DEBUG: [chan 8] EOF sent (8)
2017-08-10 16:54:05,029 paramiko.transport DEBUG: [chan 9] Max packet out: 32768 bytes
2017-08-10 16:54:05,029 paramiko.transport DEBUG: Secsh channel 9 opened.
2017-08-10 16:54:05,093 paramiko.transport DEBUG: [chan 9] Sesch channel 9 request ok
2017-08-10 16:54:05,117 Host  DEBUG: host1: updated
2017-08-10 16:54:05,119 paramiko.transport DEBUG: [chan 8] Max packet in: 32768 bytes
2017-08-10 16:54:05,122 paramiko.transport DEBUG: [chan 8] Max packet out: 32768 bytes
2017-08-10 16:54:05,122 paramiko.transport DEBUG: Secsh channel 8 opened.
2017-08-10 16:54:05,122 paramiko.transport DEBUG: [chan 9] EOF received (9)
2017-08-10 16:54:05,122 paramiko.transport DEBUG: [chan 9] EOF sent (9)
2017-08-10 16:54:05,186 paramiko.transport DEBUG: [chan 8] Sesch channel 8 request ok
2017-08-10 16:54:07,229 paramiko.transport DEBUG: [chan 9] Max packet in: 32768 bytes
2017-08-10 16:54:07,230 paramiko.transport DEBUG: [chan 8] EOF received (8)
2017-08-10 16:54:07,239 paramiko.transport DEBUG: [chan 8] EOF sent (8)
2017-08-10 16:54:07,271 paramiko.transport DEBUG: [chan 9] Max packet out: 32768 bytes
2017-08-10 16:54:07,280 paramiko.transport DEBUG: Secsh channel 9 opened.
2017-08-10 16:54:07,322 paramiko.transport DEBUG: [chan 9] Sesch channel 9 request ok
2017-08-10 16:54:07,414 paramiko.transport DEBUG: [chan 9] EOF received (9)
2017-08-10 16:54:07,414 paramiko.transport DEBUG: [chan 9] EOF sent (9)
2017-08-10 16:54:25,123 Host  DEBUG: host2: updated
2017-08-10 16:54:25,124 paramiko.transport DEBUG: [chan 10] Max packet in: 32768 bytes
2017-08-10 16:54:25,164 paramiko.transport DEBUG: [chan 10] Max packet out: 32768 bytes
2017-08-10 16:54:25,169 paramiko.transport DEBUG: Secsh channel 10 opened.
2017-08-10 16:54:25,202 paramiko.transport DEBUG: [chan 10] Sesch channel 10 request ok
2017-08-10 16:54:27,243 paramiko.transport DEBUG: [chan 11] Max packet in: 32768 bytes
2017-08-10 16:54:27,243 paramiko.transport DEBUG: [chan 10] EOF received (10)
2017-08-10 16:54:27,305 paramiko.transport DEBUG: [chan 10] EOF sent (10)
2017-08-10 16:54:27,352 paramiko.transport DEBUG: [chan 11] Max packet out: 32768 bytes
2017-08-10 16:54:27,352 paramiko.transport DEBUG: Secsh channel 11 opened.
2017-08-10 16:54:27,367 paramiko.transport DEBUG: [chan 11] Sesch channel 11 request ok
2017-08-10 16:54:27,418 Host  DEBUG: host1: updated
2017-08-10 16:54:27,419 paramiko.transport DEBUG: [chan 10] Max packet in: 32768 bytes
2017-08-10 16:54:27,419 paramiko.transport DEBUG: [chan 10] Max packet out: 32768 bytes
2017-08-10 16:54:27,420 paramiko.transport DEBUG: Secsh channel 10 opened.
2017-08-10 16:54:27,421 paramiko.transport DEBUG: [chan 10] Sesch channel 10 request ok
2017-08-10 16:54:27,439 paramiko.transport DEBUG: [chan 11] EOF received (11)
2017-08-10 16:54:27,442 paramiko.transport DEBUG: [chan 11] EOF sent (11)
2017-08-10 16:54:29,440 paramiko.transport DEBUG: [chan 10] EOF received (10)
2017-08-10 16:54:29,440 paramiko.transport DEBUG: [chan 10] EOF sent (10)
2017-08-10 16:54:29,440 paramiko.transport DEBUG: [chan 11] Max packet in: 32768 bytes
2017-08-10 16:54:29,478 paramiko.transport DEBUG: [chan 11] Max packet out: 32768 bytes
2017-08-10 16:54:29,479 paramiko.transport DEBUG: Secsh channel 11 opened.
2017-08-10 16:54:29,505 paramiko.transport DEBUG: [chan 11] Sesch channel 11 request ok
2017-08-10 16:54:29,567 paramiko.transport DEBUG: [chan 11] EOF received (11)
2017-08-10 16:54:29,567 paramiko.transport DEBUG: [chan 11] EOF sent (11)
2017-08-10 16:54:32,966 Controller INFO: Disconnecting host(s)...
2017-08-10 16:54:33,038 paramiko.transport DEBUG: EOF in transport thread
2017-08-10 16:54:33,048 Host  DEBUG: 131.112.21.80: closed
2017-08-10 16:54:33,096 paramiko.transport DEBUG: EOF in transport thread
2017-08-10 16:54:33,115 Host  DEBUG: 131.112.21.86: closed
2017-08-10 16:54:33,115 Controller DEBUG: Shut down a server
2017-08-10 16:54:33,576 Controller INFO: Exit
